<?xml version="1.0" encoding="UTF-8"?>
<coverage generated="1525792244967" clover="3.2.0">
  <project timestamp="1525792244967" name="All files">
    <metrics statements="173" coveredstatements="138" conditionals="303" coveredconditionals="189" methods="136" coveredmethods="88" elements="612" coveredelements="415" complexity="0" loc="173" ncloc="173" packages="23" files="59" classes="59">
      <package name="jest">
        <metrics statements="1" coveredstatements="1" conditionals="4" coveredconditionals="3" methods="1" coveredmethods="1"/>
        <file name="config.js" path="D:\reactjs-course-project\jest\config.js">
          <metrics statements="1" coveredstatements="1" conditionals="4" coveredconditionals="3" methods="1" coveredmethods="1"/>
          <line num="2" count="7" type="cond" truecount="3" falsecount="1"/>
        </file>
      </package>
      <package name="src.app.App">
        <metrics statements="7" coveredstatements="7" conditionals="41" coveredconditionals="23" methods="14" coveredmethods="14"/>
        <file name="App.js" path="D:\reactjs-course-project\src\app\App\App.js">
          <metrics statements="7" coveredstatements="7" conditionals="41" coveredconditionals="23" methods="14" coveredmethods="14"/>
          <line num="1" count="2" type="cond" truecount="5" falsecount="3"/>
          <line num="9" count="7" type="cond" truecount="17" falsecount="14"/>
          <line num="11" count="5" type="cond" truecount="1" falsecount="1"/>
          <line num="18" count="5" type="stmt"/>
          <line num="31" count="1" type="stmt"/>
          <line num="34" count="1" type="stmt"/>
          <line num="35" count="1" type="stmt"/>
        </file>
        <file name="index.css" path="D:\reactjs-course-project\src\app\App\index.css">
          <metrics statements="0" coveredstatements="0" conditionals="0" coveredconditionals="0" methods="0" coveredmethods="0"/>
        </file>
      </package>
      <package name="src.app.auxilliary.ErrorBoundary">
        <metrics statements="10" coveredstatements="10" conditionals="39" coveredconditionals="24" methods="12" coveredmethods="12"/>
        <file name="ErrorBoundary.js" path="D:\reactjs-course-project\src\app\auxilliary\ErrorBoundary\ErrorBoundary.js">
          <metrics statements="9" coveredstatements="9" conditionals="35" coveredconditionals="21" methods="11" coveredmethods="11"/>
          <line num="1" count="4" type="cond" truecount="18" falsecount="13"/>
          <line num="3" count="2" type="stmt"/>
          <line num="4" count="1" type="cond" truecount="1" falsecount="1"/>
          <line num="9" count="2" type="stmt"/>
          <line num="12" count="1" type="stmt"/>
          <line num="16" count="2" type="cond" truecount="2" falsecount="0"/>
          <line num="17" count="1" type="stmt"/>
          <line num="20" count="1" type="stmt"/>
          <line num="21" count="2" type="stmt"/>
        </file>
        <file name="index.js" path="D:\reactjs-course-project\src\app\auxilliary\ErrorBoundary\index.js">
          <metrics statements="1" coveredstatements="1" conditionals="4" coveredconditionals="3" methods="1" coveredmethods="1"/>
          <line num="1" count="1" type="cond" truecount="3" falsecount="1"/>
        </file>
      </package>
      <package name="src.app.components.Footer">
        <metrics statements="4" coveredstatements="4" conditionals="8" coveredconditionals="7" methods="3" coveredmethods="2"/>
        <file name="Footer.js" path="D:\reactjs-course-project\src\app\components\Footer\Footer.js">
          <metrics statements="3" coveredstatements="3" conditionals="4" coveredconditionals="4" methods="2" coveredmethods="1"/>
          <line num="1" count="1" type="stmt"/>
          <line num="3" count="3" type="cond" truecount="4" falsecount="0"/>
          <line num="5" count="1" type="stmt"/>
        </file>
        <file name="index.css" path="D:\reactjs-course-project\src\app\components\Footer\index.css">
          <metrics statements="0" coveredstatements="0" conditionals="0" coveredconditionals="0" methods="0" coveredmethods="0"/>
        </file>
        <file name="index.js" path="D:\reactjs-course-project\src\app\components\Footer\index.js">
          <metrics statements="1" coveredstatements="1" conditionals="4" coveredconditionals="3" methods="1" coveredmethods="1"/>
          <line num="1" count="1" type="cond" truecount="3" falsecount="1"/>
        </file>
      </package>
      <package name="src.app.components.Header">
        <metrics statements="11" coveredstatements="11" conditionals="12" coveredconditionals="11" methods="4" coveredmethods="4"/>
        <file name="Header.js" path="D:\reactjs-course-project\src\app\components\Header\Header.js">
          <metrics statements="10" coveredstatements="10" conditionals="8" coveredconditionals="8" methods="3" coveredmethods="3"/>
          <line num="1" count="2" type="stmt"/>
          <line num="7" count="12" type="cond" truecount="4" falsecount="0"/>
          <line num="9" count="2" type="stmt"/>
          <line num="10" count="8" type="stmt"/>
          <line num="11" count="8" type="cond" truecount="2" falsecount="0"/>
          <line num="12" count="7" type="stmt"/>
          <line num="14" count="1" type="stmt"/>
          <line num="17" count="8" type="stmt"/>
          <line num="30" count="2" type="stmt"/>
          <line num="31" count="2" type="stmt"/>
        </file>
        <file name="index.css" path="D:\reactjs-course-project\src\app\components\Header\index.css">
          <metrics statements="0" coveredstatements="0" conditionals="0" coveredconditionals="0" methods="0" coveredmethods="0"/>
        </file>
        <file name="index.js" path="D:\reactjs-course-project\src\app\components\Header\index.js">
          <metrics statements="1" coveredstatements="1" conditionals="4" coveredconditionals="3" methods="1" coveredmethods="1"/>
          <line num="1" count="1" type="cond" truecount="3" falsecount="1"/>
        </file>
      </package>
      <package name="src.app.components.Header.FilmDescription">
        <metrics statements="9" coveredstatements="9" conditionals="8" coveredconditionals="7" methods="6" coveredmethods="6"/>
        <file name="FilmDescription.js" path="D:\reactjs-course-project\src\app\components\Header\FilmDescription\FilmDescription.js">
          <metrics statements="8" coveredstatements="8" conditionals="4" coveredconditionals="4" methods="5" coveredmethods="5"/>
          <line num="1" count="3" type="stmt"/>
          <line num="6" count="12" type="cond" truecount="4" falsecount="0"/>
          <line num="8" count="3" type="stmt"/>
          <line num="20" count="3" type="stmt"/>
          <line num="22" count="3" type="stmt"/>
          <line num="23" count="1" type="stmt"/>
          <line num="28" count="3" type="stmt"/>
          <line num="29" count="1" type="stmt"/>
        </file>
        <file name="index.css" path="D:\reactjs-course-project\src\app\components\Header\FilmDescription\index.css">
          <metrics statements="0" coveredstatements="0" conditionals="0" coveredconditionals="0" methods="0" coveredmethods="0"/>
        </file>
        <file name="index.js" path="D:\reactjs-course-project\src\app\components\Header\FilmDescription\index.js">
          <metrics statements="1" coveredstatements="1" conditionals="4" coveredconditionals="3" methods="1" coveredmethods="1"/>
          <line num="1" count="2" type="cond" truecount="3" falsecount="1"/>
        </file>
      </package>
      <package name="src.app.components.Header.FilmDescription.CurrentFilm">
        <metrics statements="10" coveredstatements="9" conditionals="6" coveredconditionals="5" methods="5" coveredmethods="5"/>
        <file name="CurrentFilm.js" path="D:\reactjs-course-project\src\app\components\Header\FilmDescription\CurrentFilm\CurrentFilm.js">
          <metrics statements="9" coveredstatements="8" conditionals="6" coveredconditionals="5" methods="4" coveredmethods="4"/>
          <line num="1" count="4" type="stmt"/>
          <line num="6" count="16" type="cond" truecount="4" falsecount="0"/>
          <line num="8" count="4" type="stmt"/>
          <line num="9" count="4" type="cond" truecount="1" falsecount="1"/>
          <line num="10" count="4" type="stmt"/>
          <line num="12" count="4" type="stmt"/>
          <line num="31" count="0" type="stmt"/>
          <line num="34" count="4" type="stmt"/>
          <line num="35" count="2" type="stmt"/>
        </file>
        <file name="index.js" path="D:\reactjs-course-project\src\app\components\Header\FilmDescription\CurrentFilm\index.js">
          <metrics statements="1" coveredstatements="1" conditionals="0" coveredconditionals="0" methods="1" coveredmethods="1"/>
          <line num="1" count="3" type="stmt"/>
        </file>
      </package>
      <package name="src.app.components.Header.FilmDescription.FilmData">
        <metrics statements="5" coveredstatements="5" conditionals="8" coveredconditionals="7" methods="3" coveredmethods="3"/>
        <file name="FilmData.js" path="D:\reactjs-course-project\src\app\components\Header\FilmDescription\FilmData\FilmData.js">
          <metrics statements="4" coveredstatements="4" conditionals="4" coveredconditionals="4" methods="2" coveredmethods="2"/>
          <line num="1" count="5" type="stmt"/>
          <line num="4" count="20" type="cond" truecount="4" falsecount="0"/>
          <line num="6" count="5" type="stmt"/>
          <line num="9" count="2" type="stmt"/>
        </file>
        <file name="index.css" path="D:\reactjs-course-project\src\app\components\Header\FilmDescription\FilmData\index.css">
          <metrics statements="0" coveredstatements="0" conditionals="0" coveredconditionals="0" methods="0" coveredmethods="0"/>
        </file>
        <file name="index.js" path="D:\reactjs-course-project\src\app\components\Header\FilmDescription\FilmData\index.js">
          <metrics statements="1" coveredstatements="1" conditionals="4" coveredconditionals="3" methods="1" coveredmethods="1"/>
          <line num="1" count="4" type="cond" truecount="3" falsecount="1"/>
        </file>
      </package>
      <package name="src.app.components.Header.FilmDescription.FilmData.Brief">
        <metrics statements="3" coveredstatements="3" conditionals="4" coveredconditionals="3" methods="2" coveredmethods="1"/>
        <file name="Brief.js" path="D:\reactjs-course-project\src\app\components\Header\FilmDescription\FilmData\Brief\Brief.js">
          <metrics statements="3" coveredstatements="3" conditionals="4" coveredconditionals="3" methods="2" coveredmethods="1"/>
          <line num="1" count="5" type="stmt"/>
          <line num="2" count="10" type="cond" truecount="3" falsecount="1"/>
          <line num="4" count="5" type="stmt"/>
        </file>
        <file name="index.css" path="D:\reactjs-course-project\src\app\components\Header\FilmDescription\FilmData\Brief\index.css">
          <metrics statements="0" coveredstatements="0" conditionals="0" coveredconditionals="0" methods="0" coveredmethods="0"/>
        </file>
      </package>
      <package name="src.app.components.Header.FilmDescription.FilmData.Synopsis">
        <metrics statements="4" coveredstatements="4" conditionals="8" coveredconditionals="6" methods="3" coveredmethods="2"/>
        <file name="Synopsis.js" path="D:\reactjs-course-project\src\app\components\Header\FilmDescription\FilmData\Synopsis\Synopsis.js">
          <metrics statements="3" coveredstatements="3" conditionals="4" coveredconditionals="3" methods="2" coveredmethods="1"/>
          <line num="1" count="5" type="stmt"/>
          <line num="2" count="10" type="cond" truecount="3" falsecount="1"/>
          <line num="4" count="5" type="stmt"/>
        </file>
        <file name="index.css" path="D:\reactjs-course-project\src\app\components\Header\FilmDescription\FilmData\Synopsis\index.css">
          <metrics statements="0" coveredstatements="0" conditionals="0" coveredconditionals="0" methods="0" coveredmethods="0"/>
        </file>
        <file name="index.js" path="D:\reactjs-course-project\src\app\components\Header\FilmDescription\FilmData\Synopsis\index.js">
          <metrics statements="1" coveredstatements="1" conditionals="4" coveredconditionals="3" methods="1" coveredmethods="1"/>
          <line num="1" count="5" type="cond" truecount="3" falsecount="1"/>
        </file>
      </package>
      <package name="src.app.components.Header.FilmDescription.FilmPoster">
        <metrics statements="4" coveredstatements="4" conditionals="8" coveredconditionals="6" methods="3" coveredmethods="2"/>
        <file name="FilmPoster.js" path="D:\reactjs-course-project\src\app\components\Header\FilmDescription\FilmPoster\FilmPoster.js">
          <metrics statements="3" coveredstatements="3" conditionals="4" coveredconditionals="3" methods="2" coveredmethods="1"/>
          <line num="1" count="4" type="stmt"/>
          <line num="2" count="8" type="cond" truecount="3" falsecount="1"/>
          <line num="4" count="4" type="stmt"/>
        </file>
        <file name="index.css" path="D:\reactjs-course-project\src\app\components\Header\FilmDescription\FilmPoster\index.css">
          <metrics statements="0" coveredstatements="0" conditionals="0" coveredconditionals="0" methods="0" coveredmethods="0"/>
        </file>
        <file name="index.js" path="D:\reactjs-course-project\src\app\components\Header\FilmDescription\FilmPoster\index.js">
          <metrics statements="1" coveredstatements="1" conditionals="4" coveredconditionals="3" methods="1" coveredmethods="1"/>
          <line num="1" count="4" type="cond" truecount="3" falsecount="1"/>
        </file>
      </package>
      <package name="src.app.components.Header.SearchResultsBar">
        <metrics statements="8" coveredstatements="6" conditionals="16" coveredconditionals="9" methods="7" coveredmethods="3"/>
        <file name="SearchResultsBar.js" path="D:\reactjs-course-project\src\app\components\Header\SearchResultsBar\SearchResultsBar.js">
          <metrics statements="7" coveredstatements="5" conditionals="12" coveredconditionals="6" methods="6" coveredmethods="2"/>
          <line num="1" count="2" type="stmt"/>
          <line num="4" count="4" type="cond" truecount="6" falsecount="6"/>
          <line num="6" count="2" type="stmt"/>
          <line num="29" count="2" type="stmt"/>
          <line num="30" count="0" type="stmt"/>
          <line num="35" count="2" type="stmt"/>
          <line num="36" count="0" type="stmt"/>
        </file>
        <file name="index.css" path="D:\reactjs-course-project\src\app\components\Header\SearchResultsBar\index.css">
          <metrics statements="0" coveredstatements="0" conditionals="0" coveredconditionals="0" methods="0" coveredmethods="0"/>
        </file>
        <file name="index.js" path="D:\reactjs-course-project\src\app\components\Header\SearchResultsBar\index.js">
          <metrics statements="1" coveredstatements="1" conditionals="4" coveredconditionals="3" methods="1" coveredmethods="1"/>
          <line num="1" count="2" type="cond" truecount="3" falsecount="1"/>
        </file>
      </package>
      <package name="src.app.components.Header.Searchbox">
        <metrics statements="17" coveredstatements="8" conditionals="49" coveredconditionals="21" methods="24" coveredmethods="8"/>
        <file name="Searchbox.js" path="D:\reactjs-course-project\src\app\components\Header\Searchbox\Searchbox.js">
          <metrics statements="16" coveredstatements="7" conditionals="45" coveredconditionals="18" methods="23" coveredmethods="7"/>
          <line num="1" count="8" type="cond" truecount="5" falsecount="3"/>
          <line num="6" count="8" type="cond" truecount="13" falsecount="18"/>
          <line num="8" count="2" type="stmt"/>
          <line num="9" count="0" type="cond" truecount="0" falsecount="2"/>
          <line num="16" count="2" type="stmt"/>
          <line num="19" count="0" type="stmt"/>
          <line num="25" count="0" type="stmt"/>
          <line num="32" count="0" type="stmt"/>
          <line num="36" count="0" type="cond" truecount="0" falsecount="2"/>
          <line num="37" count="0" type="stmt"/>
          <line num="42" count="0" type="stmt"/>
          <line num="79" count="2" type="stmt"/>
          <line num="82" count="2" type="stmt"/>
          <line num="83" count="0" type="stmt"/>
          <line num="89" count="2" type="stmt"/>
          <line num="90" count="0" type="stmt"/>
        </file>
        <file name="index.css" path="D:\reactjs-course-project\src\app\components\Header\Searchbox\index.css">
          <metrics statements="0" coveredstatements="0" conditionals="0" coveredconditionals="0" methods="0" coveredmethods="0"/>
        </file>
        <file name="index.js" path="D:\reactjs-course-project\src\app\components\Header\Searchbox\index.js">
          <metrics statements="1" coveredstatements="1" conditionals="4" coveredconditionals="3" methods="1" coveredmethods="1"/>
          <line num="1" count="2" type="cond" truecount="3" falsecount="1"/>
        </file>
      </package>
      <package name="src.app.components.Loader">
        <metrics statements="4" coveredstatements="4" conditionals="4" coveredconditionals="4" methods="3" coveredmethods="2"/>
        <file name="Loader.js" path="D:\reactjs-course-project\src\app\components\Loader\Loader.js">
          <metrics statements="3" coveredstatements="3" conditionals="4" coveredconditionals="4" methods="2" coveredmethods="1"/>
          <line num="1" count="3" type="stmt"/>
          <line num="2" count="6" type="cond" truecount="4" falsecount="0"/>
          <line num="4" count="3" type="stmt"/>
        </file>
        <file name="index.js" path="D:\reactjs-course-project\src\app\components\Loader\index.js">
          <metrics statements="1" coveredstatements="1" conditionals="0" coveredconditionals="0" methods="1" coveredmethods="1"/>
          <line num="1" count="7" type="stmt"/>
        </file>
      </package>
      <package name="src.app.components.Logo">
        <metrics statements="3" coveredstatements="3" conditionals="4" coveredconditionals="3" methods="2" coveredmethods="1"/>
        <file name="Logo.js" path="D:\reactjs-course-project\src\app\components\Logo\Logo.js">
          <metrics statements="3" coveredstatements="3" conditionals="4" coveredconditionals="3" methods="2" coveredmethods="1"/>
          <line num="1" count="2" type="stmt"/>
          <line num="2" count="4" type="cond" truecount="3" falsecount="1"/>
          <line num="4" count="2" type="stmt"/>
        </file>
        <file name="index.css" path="D:\reactjs-course-project\src\app\components\Logo\index.css">
          <metrics statements="0" coveredstatements="0" conditionals="0" coveredconditionals="0" methods="0" coveredmethods="0"/>
        </file>
      </package>
      <package name="src.app.components.SearchResults">
        <metrics statements="19" coveredstatements="8" conditionals="41" coveredconditionals="18" methods="17" coveredmethods="7"/>
        <file name="SearchResults.js" path="D:\reactjs-course-project\src\app\components\SearchResults\SearchResults.js">
          <metrics statements="18" coveredstatements="7" conditionals="37" coveredconditionals="15" methods="16" coveredmethods="6"/>
          <line num="1" count="2" type="cond" truecount="5" falsecount="3"/>
          <line num="6" count="3" type="cond" truecount="10" falsecount="13"/>
          <line num="8" count="1" type="stmt"/>
          <line num="9" count="0" type="cond" truecount="0" falsecount="2"/>
          <line num="11" count="1" type="stmt"/>
          <line num="14" count="0" type="stmt"/>
          <line num="15" count="0" type="cond" truecount="0" falsecount="2"/>
          <line num="16" count="0" type="stmt"/>
          <line num="19" count="0" type="stmt"/>
          <line num="24" count="0" type="cond" truecount="0" falsecount="2"/>
          <line num="25" count="0" type="stmt"/>
          <line num="27" count="0" type="stmt"/>
          <line num="44" count="0" type="stmt"/>
          <line num="50" count="1" type="stmt"/>
          <line num="53" count="1" type="stmt"/>
          <line num="54" count="0" type="stmt"/>
          <line num="60" count="1" type="stmt"/>
          <line num="61" count="0" type="stmt"/>
        </file>
        <file name="index.css" path="D:\reactjs-course-project\src\app\components\SearchResults\index.css">
          <metrics statements="0" coveredstatements="0" conditionals="0" coveredconditionals="0" methods="0" coveredmethods="0"/>
        </file>
        <file name="index.js" path="D:\reactjs-course-project\src\app\components\SearchResults\index.js">
          <metrics statements="1" coveredstatements="1" conditionals="4" coveredconditionals="3" methods="1" coveredmethods="1"/>
          <line num="1" count="1" type="cond" truecount="3" falsecount="1"/>
        </file>
      </package>
      <package name="src.app.components.SearchResults.SearchResult">
        <metrics statements="5" coveredstatements="4" conditionals="9" coveredconditionals="7" methods="4" coveredmethods="2"/>
        <file name="SearchResult.js" path="D:\reactjs-course-project\src\app\components\SearchResults\SearchResult\SearchResult.js">
          <metrics statements="4" coveredstatements="3" conditionals="5" coveredconditionals="4" methods="3" coveredmethods="1"/>
          <line num="1" count="1" type="stmt"/>
          <line num="4" count="4" type="cond" truecount="4" falsecount="0"/>
          <line num="6" count="1" type="stmt"/>
          <line num="7" count="0" type="stmt"/>
        </file>
        <file name="index.css" path="D:\reactjs-course-project\src\app\components\SearchResults\SearchResult\index.css">
          <metrics statements="0" coveredstatements="0" conditionals="0" coveredconditionals="0" methods="0" coveredmethods="0"/>
        </file>
        <file name="index.js" path="D:\reactjs-course-project\src\app\components\SearchResults\SearchResult\index.js">
          <metrics statements="1" coveredstatements="1" conditionals="4" coveredconditionals="3" methods="1" coveredmethods="1"/>
          <line num="1" count="1" type="cond" truecount="3" falsecount="1"/>
        </file>
      </package>
      <package name="src.app.components.SearchResults.SearchResult.Brief">
        <metrics statements="4" coveredstatements="4" conditionals="8" coveredconditionals="6" methods="3" coveredmethods="2"/>
        <file name="Brief.js" path="D:\reactjs-course-project\src\app\components\SearchResults\SearchResult\Brief\Brief.js">
          <metrics statements="3" coveredstatements="3" conditionals="4" coveredconditionals="3" methods="2" coveredmethods="1"/>
          <line num="1" count="1" type="stmt"/>
          <line num="2" count="2" type="cond" truecount="3" falsecount="1"/>
          <line num="4" count="1" type="stmt"/>
        </file>
        <file name="index.css" path="D:\reactjs-course-project\src\app\components\SearchResults\SearchResult\Brief\index.css">
          <metrics statements="0" coveredstatements="0" conditionals="0" coveredconditionals="0" methods="0" coveredmethods="0"/>
        </file>
        <file name="index.js" path="D:\reactjs-course-project\src\app\components\SearchResults\SearchResult\Brief\index.js">
          <metrics statements="1" coveredstatements="1" conditionals="4" coveredconditionals="3" methods="1" coveredmethods="1"/>
          <line num="1" count="6" type="cond" truecount="3" falsecount="1"/>
        </file>
      </package>
      <package name="src.app.components.SearchResults.SearchResult.Poster">
        <metrics statements="4" coveredstatements="4" conditionals="8" coveredconditionals="6" methods="3" coveredmethods="2"/>
        <file name="Poster.js" path="D:\reactjs-course-project\src\app\components\SearchResults\SearchResult\Poster\Poster.js">
          <metrics statements="3" coveredstatements="3" conditionals="4" coveredconditionals="3" methods="2" coveredmethods="1"/>
          <line num="1" count="1" type="stmt"/>
          <line num="2" count="2" type="cond" truecount="3" falsecount="1"/>
          <line num="4" count="1" type="stmt"/>
        </file>
        <file name="index.css" path="D:\reactjs-course-project\src\app\components\SearchResults\SearchResult\Poster\index.css">
          <metrics statements="0" coveredstatements="0" conditionals="0" coveredconditionals="0" methods="0" coveredmethods="0"/>
        </file>
        <file name="index.js" path="D:\reactjs-course-project\src\app\components\SearchResults\SearchResult\Poster\index.js">
          <metrics statements="1" coveredstatements="1" conditionals="4" coveredconditionals="3" methods="1" coveredmethods="1"/>
          <line num="1" count="1" type="cond" truecount="3" falsecount="1"/>
        </file>
      </package>
      <package name="src.app.components.UI.Button">
        <metrics statements="3" coveredstatements="3" conditionals="4" coveredconditionals="3" methods="2" coveredmethods="1"/>
        <file name="Button.js" path="D:\reactjs-course-project\src\app\components\UI\Button\Button.js">
          <metrics statements="3" coveredstatements="3" conditionals="4" coveredconditionals="3" methods="2" coveredmethods="1"/>
          <line num="1" count="2" type="stmt"/>
          <line num="2" count="4" type="cond" truecount="3" falsecount="1"/>
          <line num="4" count="2" type="stmt"/>
        </file>
        <file name="index.css" path="D:\reactjs-course-project\src\app\components\UI\Button\index.css">
          <metrics statements="0" coveredstatements="0" conditionals="0" coveredconditionals="0" methods="0" coveredmethods="0"/>
        </file>
      </package>
      <package name="src.app.components.UI.Input">
        <metrics statements="4" coveredstatements="4" conditionals="4" coveredconditionals="3" methods="4" coveredmethods="4"/>
        <file name="Input.js" path="D:\reactjs-course-project\src\app\components\UI\Input\Input.js">
          <metrics statements="4" coveredstatements="4" conditionals="4" coveredconditionals="3" methods="4" coveredmethods="4"/>
          <line num="1" count="3" type="stmt"/>
          <line num="2" count="6" type="cond" truecount="3" falsecount="1"/>
          <line num="4" count="3" type="stmt"/>
          <line num="5" count="3" type="stmt"/>
        </file>
        <file name="index.css" path="D:\reactjs-course-project\src\app\components\UI\Input\index.css">
          <metrics statements="0" coveredstatements="0" conditionals="0" coveredconditionals="0" methods="0" coveredmethods="0"/>
        </file>
      </package>
      <package name="src.app.containers.Main">
        <metrics statements="11" coveredstatements="5" conditionals="10" coveredconditionals="7" methods="4" coveredmethods="2"/>
        <file name="Main.js" path="D:\reactjs-course-project\src\app\containers\Main\Main.js">
          <metrics statements="10" coveredstatements="4" conditionals="6" coveredconditionals="4" methods="3" coveredmethods="1"/>
          <line num="1" count="1" type="stmt"/>
          <line num="4" count="3" type="cond" truecount="4" falsecount="0"/>
          <line num="6" count="1" type="stmt"/>
          <line num="7" count="0" type="stmt"/>
          <line num="9" count="0" type="cond" truecount="0" falsecount="2"/>
          <line num="10" count="0" type="stmt"/>
          <line num="12" count="0" type="stmt"/>
          <line num="15" count="0" type="stmt"/>
          <line num="22" count="1" type="stmt"/>
          <line num="23" count="0" type="stmt"/>
        </file>
        <file name="index.css" path="D:\reactjs-course-project\src\app\containers\Main\index.css">
          <metrics statements="0" coveredstatements="0" conditionals="0" coveredconditionals="0" methods="0" coveredmethods="0"/>
        </file>
        <file name="index.js" path="D:\reactjs-course-project\src\app\containers\Main\index.js">
          <metrics statements="1" coveredstatements="1" conditionals="4" coveredconditionals="3" methods="1" coveredmethods="1"/>
          <line num="1" count="1" type="cond" truecount="3" falsecount="1"/>
        </file>
      </package>
      <package name="src.app.store.actions">
        <metrics statements="23" coveredstatements="18" conditionals="0" coveredconditionals="0" methods="7" coveredmethods="2"/>
        <file name="actionCreators.js" path="D:\reactjs-course-project\src\app\store\actions\actionCreators.js">
          <metrics statements="15" coveredstatements="10" conditionals="0" coveredconditionals="0" methods="7" coveredmethods="2"/>
          <line num="1" count="4" type="stmt"/>
          <line num="3" count="4" type="stmt"/>
          <line num="4" count="0" type="stmt"/>
          <line num="10" count="4" type="stmt"/>
          <line num="11" count="0" type="stmt"/>
          <line num="18" count="4" type="stmt"/>
          <line num="19" count="1" type="stmt"/>
          <line num="25" count="4" type="stmt"/>
          <line num="26" count="0" type="stmt"/>
          <line num="32" count="4" type="stmt"/>
          <line num="33" count="0" type="stmt"/>
          <line num="39" count="4" type="stmt"/>
          <line num="40" count="1" type="stmt"/>
          <line num="45" count="4" type="stmt"/>
          <line num="46" count="0" type="stmt"/>
        </file>
        <file name="actionTypes.js" path="D:\reactjs-course-project\src\app\store\actions\actionTypes.js">
          <metrics statements="7" coveredstatements="7" conditionals="0" coveredconditionals="0" methods="0" coveredmethods="0"/>
          <line num="1" count="4" type="stmt"/>
          <line num="2" count="4" type="stmt"/>
          <line num="3" count="4" type="stmt"/>
          <line num="4" count="4" type="stmt"/>
          <line num="5" count="4" type="stmt"/>
          <line num="6" count="4" type="stmt"/>
          <line num="7" count="4" type="stmt"/>
        </file>
        <file name="index.js" path="D:\reactjs-course-project\src\app\store\actions\index.js">
          <metrics statements="1" coveredstatements="1" conditionals="0" coveredconditionals="0" methods="0" coveredmethods="0"/>
          <line num="1" count="4" type="stmt"/>
        </file>
      </package>
    </metrics>
  </project>
</coverage>
