{"D:\\reactjs-course-project\\jest\\config.js": {"path":"D:\\reactjs-course-project\\jest\\config.js","statementMap":{"0":{"start":{"line":2,"column":223},"end":{"line":2,"column":277}}},"fnMap":{"0":{"name":"_interopRequireDefault","decl":{"start":{"line":2,"column":194},"end":{"line":2,"column":216}},"loc":{"start":{"line":2,"column":222},"end":{"line":2,"column":278}},"line":2}},"branchMap":{"0":{"loc":{"start":{"line":2,"column":230},"end":{"line":2,"column":276}},"type":"cond-expr","locations":[{"start":{"line":2,"column":254},"end":{"line":2,"column":257}},{"start":{"line":2,"column":260},"end":{"line":2,"column":276}}],"line":2},"1":{"loc":{"start":{"line":2,"column":230},"end":{"line":2,"column":251}},"type":"binary-expr","locations":[{"start":{"line":2,"column":230},"end":{"line":2,"column":233}},{"start":{"line":2,"column":237},"end":{"line":2,"column":251}}],"line":2}},"s":{"0":7},"f":{"0":7},"b":{"0":[0,7],"1":[7,7]},"_coverageSchema":"332fd63041d2c1bcb487cc26dd0d5f7d97098a6c","hash":"da60224f2173b734d4e4f6eb0c110cd525b270c1"}
,"D:\\reactjs-course-project\\src\\app\\App\\App.js": {"path":"D:\\reactjs-course-project\\src\\app\\App\\App.js","statementMap":{"0":{"start":{"line":1,"column":39},"end":{"line":1,"column":101}},"1":{"start":{"line":1,"column":101},"end":{"line":1,"column":154}},"2":{"start":{"line":1,"column":173},"end":{"line":1,"column":702}},"3":{"start":{"line":1,"column":228},"end":{"line":1,"column":493}},"4":{"start":{"line":1,"column":285},"end":{"line":1,"column":293}},"5":{"start":{"line":1,"column":294},"end":{"line":1,"column":349}},"6":{"start":{"line":1,"column":349},"end":{"line":1,"column":380}},"7":{"start":{"line":1,"column":380},"end":{"line":1,"column":434}},"8":{"start":{"line":1,"column":407},"end":{"line":1,"column":434}},"9":{"start":{"line":1,"column":434},"end":{"line":1,"column":492}},"10":{"start":{"line":1,"column":494},"end":{"line":1,"column":699}},"11":{"start":{"line":1,"column":550},"end":{"line":1,"column":618}},"12":{"start":{"line":1,"column":566},"end":{"line":1,"column":618}},"13":{"start":{"line":1,"column":618},"end":{"line":1,"column":678}},"14":{"start":{"line":1,"column":635},"end":{"line":1,"column":678}},"15":{"start":{"line":1,"column":678},"end":{"line":1,"column":697}},"16":{"start":{"line":9,"column":173},"end":{"line":9,"column":389}},"17":{"start":{"line":9,"column":201},"end":{"line":9,"column":212}},"18":{"start":{"line":9,"column":233},"end":{"line":9,"column":235}},"19":{"start":{"line":9,"column":236},"end":{"line":9,"column":353}},"20":{"start":{"line":9,"column":254},"end":{"line":9,"column":352}},"21":{"start":{"line":9,"column":276},"end":{"line":9,"column":351}},"22":{"start":{"line":9,"column":328},"end":{"line":9,"column":351}},"23":{"start":{"line":9,"column":353},"end":{"line":9,"column":374}},"24":{"start":{"line":9,"column":374},"end":{"line":9,"column":388}},"25":{"start":{"line":9,"column":428},"end":{"line":9,"column":482}},"26":{"start":{"line":9,"column":532},"end":{"line":9,"column":631}},"27":{"start":{"line":9,"column":573},"end":{"line":9,"column":630}},"28":{"start":{"line":9,"column":681},"end":{"line":9,"column":780}},"29":{"start":{"line":9,"column":693},"end":{"line":9,"column":779}},"30":{"start":{"line":9,"column":780},"end":{"line":9,"column":866}},"31":{"start":{"line":9,"column":909},"end":{"line":9,"column":1072}},"32":{"start":{"line":9,"column":971},"end":{"line":9,"column":1071}},"33":{"start":{"line":9,"column":1072},"end":{"line":9,"column":1236}},"34":{"start":{"line":9,"column":1236},"end":{"line":9,"column":1354}},"35":{"start":{"line":9,"column":1252},"end":{"line":9,"column":1354}},"36":{"start":{"line":11,"column":6},"end":{"line":31,"column":40}},"37":{"start":{"line":11,"column":43},"end":{"line":11,"column":70}},"38":{"start":{"line":11,"column":86},"end":{"line":11,"column":113}},"39":{"start":{"line":11,"column":113},"end":{"line":11,"column":223}},"40":{"start":{"line":11,"column":224},"end":{"line":31,"column":10}},"41":{"start":{"line":18,"column":6},"end":{"line":27,"column":148}},"42":{"start":{"line":31,"column":10},"end":{"line":31,"column":21}},"43":{"start":{"line":34,"column":51},"end":{"line":38,"column":1}},"44":{"start":{"line":35,"column":2},"end":{"line":36,"column":170}}},"fnMap":{"0":{"name":"(anonymous_0)","decl":{"start":{"line":1,"column":173},"end":{"line":1,"column":174}},"loc":{"start":{"line":1,"column":185},"end":{"line":1,"column":700}},"line":1},"1":{"name":"defineProperties","decl":{"start":{"line":1,"column":195},"end":{"line":1,"column":211}},"loc":{"start":{"line":1,"column":227},"end":{"line":1,"column":494}},"line":1},"2":{"name":"(anonymous_2)","decl":{"start":{"line":1,"column":501},"end":{"line":1,"column":502}},"loc":{"start":{"line":1,"column":549},"end":{"line":1,"column":698}},"line":1},"3":{"name":"_interopRequireWildcard","decl":{"start":{"line":9,"column":143},"end":{"line":9,"column":166}},"loc":{"start":{"line":9,"column":172},"end":{"line":9,"column":390}},"line":9},"4":{"name":"_interopRequireDefault","decl":{"start":{"line":9,"column":399},"end":{"line":9,"column":421}},"loc":{"start":{"line":9,"column":427},"end":{"line":9,"column":483}},"line":9},"5":{"name":"_classCallCheck","decl":{"start":{"line":9,"column":492},"end":{"line":9,"column":507}},"loc":{"start":{"line":9,"column":531},"end":{"line":9,"column":632}},"line":9},"6":{"name":"_possibleConstructorReturn","decl":{"start":{"line":9,"column":641},"end":{"line":9,"column":667}},"loc":{"start":{"line":9,"column":680},"end":{"line":9,"column":867}},"line":9},"7":{"name":"_inherits","decl":{"start":{"line":9,"column":876},"end":{"line":9,"column":885}},"loc":{"start":{"line":9,"column":908},"end":{"line":9,"column":1355}},"line":9},"8":{"name":"(anonymous_8)","decl":{"start":{"line":11,"column":20},"end":{"line":11,"column":21}},"loc":{"start":{"line":11,"column":42},"end":{"line":31,"column":22}},"line":11},"9":{"name":"App","decl":{"start":{"line":11,"column":79},"end":{"line":11,"column":82}},"loc":{"start":{"line":11,"column":85},"end":{"line":11,"column":224}},"line":11},"10":{"name":"componentDidMount","decl":{"start":{"line":11,"column":287},"end":{"line":11,"column":304}},"loc":{"start":{"line":12,"column":4},"end":{"line":15,"column":5}},"line":12},"11":{"name":"render","decl":{"start":{"line":15,"column":42},"end":{"line":15,"column":48}},"loc":{"start":{"line":17,"column":4},"end":{"line":31,"column":5}},"line":17},"12":{"name":"mapDispatchToProps","decl":{"start":{"line":34,"column":89},"end":{"line":34,"column":107}},"loc":{"start":{"line":34,"column":118},"end":{"line":38,"column":1}},"line":34},"13":{"name":"storeFetchedFilms","decl":{"start":{"line":36,"column":58},"end":{"line":36,"column":75}},"loc":{"start":{"line":36,"column":112},"end":{"line":36,"column":167}},"line":36}},"branchMap":{"0":{"loc":{"start":{"line":1,"column":318},"end":{"line":1,"column":348}},"type":"binary-expr","locations":[{"start":{"line":1,"column":318},"end":{"line":1,"column":339}},{"start":{"line":1,"column":343},"end":{"line":1,"column":348}}],"line":1},"1":{"loc":{"start":{"line":1,"column":380},"end":{"line":1,"column":434}},"type":"if","locations":[{"start":{"line":1,"column":380},"end":{"line":1,"column":434}},{"start":{"line":1,"column":380},"end":{"line":1,"column":434}}],"line":1},"2":{"loc":{"start":{"line":1,"column":550},"end":{"line":1,"column":618}},"type":"if","locations":[{"start":{"line":1,"column":550},"end":{"line":1,"column":618}},{"start":{"line":1,"column":550},"end":{"line":1,"column":618}}],"line":1},"3":{"loc":{"start":{"line":1,"column":618},"end":{"line":1,"column":678}},"type":"if","locations":[{"start":{"line":1,"column":618},"end":{"line":1,"column":678}},{"start":{"line":1,"column":618},"end":{"line":1,"column":678}}],"line":1},"4":{"loc":{"start":{"line":9,"column":173},"end":{"line":9,"column":389}},"type":"if","locations":[{"start":{"line":9,"column":173},"end":{"line":9,"column":389}},{"start":{"line":9,"column":173},"end":{"line":9,"column":389}}],"line":9},"5":{"loc":{"start":{"line":9,"column":177},"end":{"line":9,"column":198}},"type":"binary-expr","locations":[{"start":{"line":9,"column":177},"end":{"line":9,"column":180}},{"start":{"line":9,"column":184},"end":{"line":9,"column":198}}],"line":9},"6":{"loc":{"start":{"line":9,"column":236},"end":{"line":9,"column":353}},"type":"if","locations":[{"start":{"line":9,"column":236},"end":{"line":9,"column":353}},{"start":{"line":9,"column":236},"end":{"line":9,"column":353}}],"line":9},"7":{"loc":{"start":{"line":9,"column":276},"end":{"line":9,"column":351}},"type":"if","locations":[{"start":{"line":9,"column":276},"end":{"line":9,"column":351}},{"start":{"line":9,"column":276},"end":{"line":9,"column":351}}],"line":9},"8":{"loc":{"start":{"line":9,"column":435},"end":{"line":9,"column":481}},"type":"cond-expr","locations":[{"start":{"line":9,"column":459},"end":{"line":9,"column":462}},{"start":{"line":9,"column":465},"end":{"line":9,"column":481}}],"line":9},"9":{"loc":{"start":{"line":9,"column":435},"end":{"line":9,"column":456}},"type":"binary-expr","locations":[{"start":{"line":9,"column":435},"end":{"line":9,"column":438}},{"start":{"line":9,"column":442},"end":{"line":9,"column":456}}],"line":9},"10":{"loc":{"start":{"line":9,"column":532},"end":{"line":9,"column":631}},"type":"if","locations":[{"start":{"line":9,"column":532},"end":{"line":9,"column":631}},{"start":{"line":9,"column":532},"end":{"line":9,"column":631}}],"line":9},"11":{"loc":{"start":{"line":9,"column":681},"end":{"line":9,"column":780}},"type":"if","locations":[{"start":{"line":9,"column":681},"end":{"line":9,"column":780}},{"start":{"line":9,"column":681},"end":{"line":9,"column":780}}],"line":9},"12":{"loc":{"start":{"line":9,"column":787},"end":{"line":9,"column":865}},"type":"cond-expr","locations":[{"start":{"line":9,"column":854},"end":{"line":9,"column":858}},{"start":{"line":9,"column":861},"end":{"line":9,"column":865}}],"line":9},"13":{"loc":{"start":{"line":9,"column":787},"end":{"line":9,"column":851}},"type":"binary-expr","locations":[{"start":{"line":9,"column":787},"end":{"line":9,"column":791}},{"start":{"line":9,"column":796},"end":{"line":9,"column":820}},{"start":{"line":9,"column":824},"end":{"line":9,"column":850}}],"line":9},"14":{"loc":{"start":{"line":9,"column":909},"end":{"line":9,"column":1072}},"type":"if","locations":[{"start":{"line":9,"column":909},"end":{"line":9,"column":1072}},{"start":{"line":9,"column":909},"end":{"line":9,"column":1072}}],"line":9},"15":{"loc":{"start":{"line":9,"column":913},"end":{"line":9,"column":968}},"type":"binary-expr","locations":[{"start":{"line":9,"column":913},"end":{"line":9,"column":945}},{"start":{"line":9,"column":949},"end":{"line":9,"column":968}}],"line":9},"16":{"loc":{"start":{"line":9,"column":1107},"end":{"line":9,"column":1141}},"type":"binary-expr","locations":[{"start":{"line":9,"column":1107},"end":{"line":9,"column":1117}},{"start":{"line":9,"column":1121},"end":{"line":9,"column":1141}}],"line":9},"17":{"loc":{"start":{"line":9,"column":1236},"end":{"line":9,"column":1354}},"type":"if","locations":[{"start":{"line":9,"column":1236},"end":{"line":9,"column":1354}},{"start":{"line":9,"column":1236},"end":{"line":9,"column":1354}}],"line":9},"18":{"loc":{"start":{"line":9,"column":1252},"end":{"line":9,"column":1353}},"type":"cond-expr","locations":[{"start":{"line":9,"column":1276},"end":{"line":9,"column":1319}},{"start":{"line":9,"column":1322},"end":{"line":9,"column":1353}}],"line":9},"19":{"loc":{"start":{"line":11,"column":154},"end":{"line":11,"column":197}},"type":"binary-expr","locations":[{"start":{"line":11,"column":154},"end":{"line":11,"column":167}},{"start":{"line":11,"column":171},"end":{"line":11,"column":197}}],"line":11}},"s":{"0":1,"1":1,"2":1,"3":1,"4":2,"5":2,"6":2,"7":2,"8":2,"9":2,"10":1,"11":1,"12":1,"13":1,"14":0,"15":1,"16":1,"17":1,"18":0,"19":0,"20":0,"21":0,"22":0,"23":0,"24":0,"25":7,"26":5,"27":0,"28":5,"29":0,"30":5,"31":1,"32":0,"33":1,"34":1,"35":1,"36":1,"37":1,"38":5,"39":5,"40":1,"41":5,"42":1,"43":1,"44":1},"f":{"0":1,"1":1,"2":1,"3":1,"4":7,"5":5,"6":5,"7":1,"8":1,"9":5,"10":5,"11":5,"12":1,"13":1},"b":{"0":[2,2],"1":[2,0],"2":[1,0],"3":[0,1],"4":[1,0],"5":[1,1],"6":[0,0],"7":[0,0],"8":[4,3],"9":[7,7],"10":[0,5],"11":[0,5],"12":[0,5],"13":[5,0,0],"14":[0,1],"15":[1,0],"16":[1,1],"17":[1,0],"18":[1,0],"19":[5,0]},"_coverageSchema":"332fd63041d2c1bcb487cc26dd0d5f7d97098a6c","hash":"7b6158e035b75da98de9cfebb764a1827fd24c45"}
,"D:\\reactjs-course-project\\src\\app\\App\\index.css": {"path":"D:\\reactjs-course-project\\src\\app\\App\\index.css","statementMap":{},"fnMap":{},"branchMap":{},"s":{},"f":{},"b":{},"_coverageSchema":"332fd63041d2c1bcb487cc26dd0d5f7d97098a6c","hash":"0c2e5b8fb4dde78118dd0b7770021eacd3caedb8"}
,"D:\\reactjs-course-project\\src\\app\\auxilliary\\ErrorBoundary\\ErrorBoundary.js": {"path":"D:\\reactjs-course-project\\src\\app\\auxilliary\\ErrorBoundary\\ErrorBoundary.js","statementMap":{"0":{"start":{"line":1,"column":39},"end":{"line":1,"column":101}},"1":{"start":{"line":1,"column":120},"end":{"line":1,"column":649}},"2":{"start":{"line":1,"column":175},"end":{"line":1,"column":440}},"3":{"start":{"line":1,"column":232},"end":{"line":1,"column":240}},"4":{"start":{"line":1,"column":241},"end":{"line":1,"column":296}},"5":{"start":{"line":1,"column":296},"end":{"line":1,"column":327}},"6":{"start":{"line":1,"column":327},"end":{"line":1,"column":381}},"7":{"start":{"line":1,"column":354},"end":{"line":1,"column":381}},"8":{"start":{"line":1,"column":381},"end":{"line":1,"column":439}},"9":{"start":{"line":1,"column":441},"end":{"line":1,"column":646}},"10":{"start":{"line":1,"column":497},"end":{"line":1,"column":565}},"11":{"start":{"line":1,"column":513},"end":{"line":1,"column":565}},"12":{"start":{"line":1,"column":565},"end":{"line":1,"column":625}},"13":{"start":{"line":1,"column":582},"end":{"line":1,"column":625}},"14":{"start":{"line":1,"column":625},"end":{"line":1,"column":644}},"15":{"start":{"line":1,"column":816},"end":{"line":1,"column":870}},"16":{"start":{"line":1,"column":920},"end":{"line":1,"column":1019}},"17":{"start":{"line":1,"column":961},"end":{"line":1,"column":1018}},"18":{"start":{"line":1,"column":1069},"end":{"line":1,"column":1168}},"19":{"start":{"line":1,"column":1081},"end":{"line":1,"column":1167}},"20":{"start":{"line":1,"column":1168},"end":{"line":1,"column":1254}},"21":{"start":{"line":1,"column":1297},"end":{"line":1,"column":1460}},"22":{"start":{"line":1,"column":1359},"end":{"line":1,"column":1459}},"23":{"start":{"line":1,"column":1460},"end":{"line":1,"column":1624}},"24":{"start":{"line":1,"column":1624},"end":{"line":1,"column":1742}},"25":{"start":{"line":1,"column":1640},"end":{"line":1,"column":1742}},"26":{"start":{"line":3,"column":16},"end":{"line":21,"column":50}},"27":{"start":{"line":3,"column":39},"end":{"line":3,"column":76}},"28":{"start":{"line":4,"column":134},"end":{"line":5,"column":11}},"29":{"start":{"line":9,"column":3},"end":{"line":21,"column":10}},"30":{"start":{"line":12,"column":6},"end":{"line":12,"column":40}},"31":{"start":{"line":16,"column":6},"end":{"line":18,"column":7}},"32":{"start":{"line":17,"column":8},"end":{"line":17,"column":189}},"33":{"start":{"line":20,"column":6},"end":{"line":20,"column":33}},"34":{"start":{"line":21,"column":10},"end":{"line":21,"column":31}}},"fnMap":{"0":{"name":"(anonymous_0)","decl":{"start":{"line":1,"column":120},"end":{"line":1,"column":121}},"loc":{"start":{"line":1,"column":132},"end":{"line":1,"column":647}},"line":1},"1":{"name":"defineProperties","decl":{"start":{"line":1,"column":142},"end":{"line":1,"column":158}},"loc":{"start":{"line":1,"column":174},"end":{"line":1,"column":441}},"line":1},"2":{"name":"(anonymous_2)","decl":{"start":{"line":1,"column":448},"end":{"line":1,"column":449}},"loc":{"start":{"line":1,"column":496},"end":{"line":1,"column":645}},"line":1},"3":{"name":"_interopRequireDefault","decl":{"start":{"line":1,"column":787},"end":{"line":1,"column":809}},"loc":{"start":{"line":1,"column":815},"end":{"line":1,"column":871}},"line":1},"4":{"name":"_classCallCheck","decl":{"start":{"line":1,"column":880},"end":{"line":1,"column":895}},"loc":{"start":{"line":1,"column":919},"end":{"line":1,"column":1020}},"line":1},"5":{"name":"_possibleConstructorReturn","decl":{"start":{"line":1,"column":1029},"end":{"line":1,"column":1055}},"loc":{"start":{"line":1,"column":1068},"end":{"line":1,"column":1255}},"line":1},"6":{"name":"_inherits","decl":{"start":{"line":1,"column":1264},"end":{"line":1,"column":1273}},"loc":{"start":{"line":1,"column":1296},"end":{"line":1,"column":1743}},"line":1},"7":{"name":"(anonymous_7)","decl":{"start":{"line":3,"column":16},"end":{"line":3,"column":17}},"loc":{"start":{"line":3,"column":38},"end":{"line":21,"column":32}},"line":3},"8":{"name":"ErrorBoundary","decl":{"start":{"line":4,"column":37},"end":{"line":4,"column":50}},"loc":{"start":{"line":4,"column":58},"end":{"line":9,"column":3}},"line":4},"9":{"name":"componentDidCatch","decl":{"start":{"line":9,"column":76},"end":{"line":9,"column":93}},"loc":{"start":{"line":11,"column":4},"end":{"line":13,"column":5}},"line":11},"10":{"name":"render","decl":{"start":{"line":13,"column":42},"end":{"line":13,"column":48}},"loc":{"start":{"line":15,"column":4},"end":{"line":21,"column":5}},"line":15}},"branchMap":{"0":{"loc":{"start":{"line":1,"column":265},"end":{"line":1,"column":295}},"type":"binary-expr","locations":[{"start":{"line":1,"column":265},"end":{"line":1,"column":286}},{"start":{"line":1,"column":290},"end":{"line":1,"column":295}}],"line":1},"1":{"loc":{"start":{"line":1,"column":327},"end":{"line":1,"column":381}},"type":"if","locations":[{"start":{"line":1,"column":327},"end":{"line":1,"column":381}},{"start":{"line":1,"column":327},"end":{"line":1,"column":381}}],"line":1},"2":{"loc":{"start":{"line":1,"column":497},"end":{"line":1,"column":565}},"type":"if","locations":[{"start":{"line":1,"column":497},"end":{"line":1,"column":565}},{"start":{"line":1,"column":497},"end":{"line":1,"column":565}}],"line":1},"3":{"loc":{"start":{"line":1,"column":565},"end":{"line":1,"column":625}},"type":"if","locations":[{"start":{"line":1,"column":565},"end":{"line":1,"column":625}},{"start":{"line":1,"column":565},"end":{"line":1,"column":625}}],"line":1},"4":{"loc":{"start":{"line":1,"column":823},"end":{"line":1,"column":869}},"type":"cond-expr","locations":[{"start":{"line":1,"column":847},"end":{"line":1,"column":850}},{"start":{"line":1,"column":853},"end":{"line":1,"column":869}}],"line":1},"5":{"loc":{"start":{"line":1,"column":823},"end":{"line":1,"column":844}},"type":"binary-expr","locations":[{"start":{"line":1,"column":823},"end":{"line":1,"column":826}},{"start":{"line":1,"column":830},"end":{"line":1,"column":844}}],"line":1},"6":{"loc":{"start":{"line":1,"column":920},"end":{"line":1,"column":1019}},"type":"if","locations":[{"start":{"line":1,"column":920},"end":{"line":1,"column":1019}},{"start":{"line":1,"column":920},"end":{"line":1,"column":1019}}],"line":1},"7":{"loc":{"start":{"line":1,"column":1069},"end":{"line":1,"column":1168}},"type":"if","locations":[{"start":{"line":1,"column":1069},"end":{"line":1,"column":1168}},{"start":{"line":1,"column":1069},"end":{"line":1,"column":1168}}],"line":1},"8":{"loc":{"start":{"line":1,"column":1175},"end":{"line":1,"column":1253}},"type":"cond-expr","locations":[{"start":{"line":1,"column":1242},"end":{"line":1,"column":1246}},{"start":{"line":1,"column":1249},"end":{"line":1,"column":1253}}],"line":1},"9":{"loc":{"start":{"line":1,"column":1175},"end":{"line":1,"column":1239}},"type":"binary-expr","locations":[{"start":{"line":1,"column":1175},"end":{"line":1,"column":1179}},{"start":{"line":1,"column":1184},"end":{"line":1,"column":1208}},{"start":{"line":1,"column":1212},"end":{"line":1,"column":1238}}],"line":1},"10":{"loc":{"start":{"line":1,"column":1297},"end":{"line":1,"column":1460}},"type":"if","locations":[{"start":{"line":1,"column":1297},"end":{"line":1,"column":1460}},{"start":{"line":1,"column":1297},"end":{"line":1,"column":1460}}],"line":1},"11":{"loc":{"start":{"line":1,"column":1301},"end":{"line":1,"column":1356}},"type":"binary-expr","locations":[{"start":{"line":1,"column":1301},"end":{"line":1,"column":1333}},{"start":{"line":1,"column":1337},"end":{"line":1,"column":1356}}],"line":1},"12":{"loc":{"start":{"line":1,"column":1495},"end":{"line":1,"column":1529}},"type":"binary-expr","locations":[{"start":{"line":1,"column":1495},"end":{"line":1,"column":1505}},{"start":{"line":1,"column":1509},"end":{"line":1,"column":1529}}],"line":1},"13":{"loc":{"start":{"line":1,"column":1624},"end":{"line":1,"column":1742}},"type":"if","locations":[{"start":{"line":1,"column":1624},"end":{"line":1,"column":1742}},{"start":{"line":1,"column":1624},"end":{"line":1,"column":1742}}],"line":1},"14":{"loc":{"start":{"line":1,"column":1640},"end":{"line":1,"column":1741}},"type":"cond-expr","locations":[{"start":{"line":1,"column":1664},"end":{"line":1,"column":1707}},{"start":{"line":1,"column":1710},"end":{"line":1,"column":1741}}],"line":1},"15":{"loc":{"start":{"line":4,"column":168},"end":{"line":4,"column":231}},"type":"binary-expr","locations":[{"start":{"line":4,"column":168},"end":{"line":4,"column":191}},{"start":{"line":4,"column":195},"end":{"line":4,"column":231}}],"line":4},"16":{"loc":{"start":{"line":16,"column":6},"end":{"line":18,"column":7}},"type":"if","locations":[{"start":{"line":16,"column":6},"end":{"line":18,"column":7}},{"start":{"line":16,"column":6},"end":{"line":18,"column":7}}],"line":16}},"s":{"0":2,"1":2,"2":2,"3":4,"4":4,"5":4,"6":4,"7":4,"8":4,"9":2,"10":2,"11":2,"12":2,"13":0,"14":2,"15":2,"16":1,"17":0,"18":1,"19":0,"20":1,"21":2,"22":0,"23":2,"24":2,"25":2,"26":2,"27":2,"28":1,"29":2,"30":1,"31":2,"32":1,"33":1,"34":2},"f":{"0":2,"1":2,"2":2,"3":2,"4":1,"5":1,"6":2,"7":2,"8":1,"9":1,"10":2},"b":{"0":[4,4],"1":[4,0],"2":[2,0],"3":[0,2],"4":[0,2],"5":[2,2],"6":[0,1],"7":[0,1],"8":[0,1],"9":[1,0,0],"10":[0,2],"11":[2,0],"12":[2,2],"13":[2,0],"14":[2,0],"15":[1,0],"16":[1,1]},"_coverageSchema":"332fd63041d2c1bcb487cc26dd0d5f7d97098a6c","hash":"255b1253f88304dcb322119bb7c6ae99713abe47"}
,"D:\\reactjs-course-project\\src\\app\\auxilliary\\ErrorBoundary\\index.js": {"path":"D:\\reactjs-course-project\\src\\app\\auxilliary\\ErrorBoundary\\index.js","statementMap":{"0":{"start":{"line":1,"column":39},"end":{"line":1,"column":101}},"1":{"start":{"line":1,"column":301},"end":{"line":1,"column":355}},"2":{"start":{"line":1,"column":356},"end":{"line":1,"column":398}}},"fnMap":{"0":{"name":"_interopRequireDefault","decl":{"start":{"line":1,"column":272},"end":{"line":1,"column":294}},"loc":{"start":{"line":1,"column":300},"end":{"line":1,"column":356}},"line":1}},"branchMap":{"0":{"loc":{"start":{"line":1,"column":308},"end":{"line":1,"column":354}},"type":"cond-expr","locations":[{"start":{"line":1,"column":332},"end":{"line":1,"column":335}},{"start":{"line":1,"column":338},"end":{"line":1,"column":354}}],"line":1},"1":{"loc":{"start":{"line":1,"column":308},"end":{"line":1,"column":329}},"type":"binary-expr","locations":[{"start":{"line":1,"column":308},"end":{"line":1,"column":311}},{"start":{"line":1,"column":315},"end":{"line":1,"column":329}}],"line":1}},"s":{"0":1,"1":1,"2":1},"f":{"0":1},"b":{"0":[1,0],"1":[1,1]},"_coverageSchema":"332fd63041d2c1bcb487cc26dd0d5f7d97098a6c","hash":"dc02d9911ca02d8ce2715ed83ceea15cb857b83c"}
,"D:\\reactjs-course-project\\src\\app\\components\\Footer\\Footer.js": {"path":"D:\\reactjs-course-project\\src\\app\\components\\Footer\\Footer.js","statementMap":{"0":{"start":{"line":1,"column":39},"end":{"line":1,"column":101}},"1":{"start":{"line":3,"column":172},"end":{"line":3,"column":226}},"2":{"start":{"line":5,"column":13},"end":{"line":8,"column":143}}},"fnMap":{"0":{"name":"_interopRequireDefault","decl":{"start":{"line":3,"column":143},"end":{"line":3,"column":165}},"loc":{"start":{"line":3,"column":171},"end":{"line":3,"column":227}},"line":3},"1":{"name":"Footer","decl":{"start":{"line":5,"column":22},"end":{"line":5,"column":28}},"loc":{"start":{"line":5,"column":57},"end":{"line":8,"column":143}},"line":5}},"branchMap":{"0":{"loc":{"start":{"line":3,"column":179},"end":{"line":3,"column":225}},"type":"cond-expr","locations":[{"start":{"line":3,"column":203},"end":{"line":3,"column":206}},{"start":{"line":3,"column":209},"end":{"line":3,"column":225}}],"line":3},"1":{"loc":{"start":{"line":3,"column":179},"end":{"line":3,"column":200}},"type":"binary-expr","locations":[{"start":{"line":3,"column":179},"end":{"line":3,"column":182}},{"start":{"line":3,"column":186},"end":{"line":3,"column":200}}],"line":3}},"s":{"0":1,"1":3,"2":1},"f":{"0":3,"1":0},"b":{"0":[1,2],"1":[3,3]},"_coverageSchema":"332fd63041d2c1bcb487cc26dd0d5f7d97098a6c","hash":"aa3d7e72d2e3e06654259a5d3e34b88b1398d02c"}
,"D:\\reactjs-course-project\\src\\app\\components\\Footer\\index.css": {"path":"D:\\reactjs-course-project\\src\\app\\components\\Footer\\index.css","statementMap":{},"fnMap":{},"branchMap":{},"s":{},"f":{},"b":{},"_coverageSchema":"332fd63041d2c1bcb487cc26dd0d5f7d97098a6c","hash":"27016573fa8036b0bafbf5a79247b2e96266af2c"}
,"D:\\reactjs-course-project\\src\\app\\components\\Footer\\index.js": {"path":"D:\\reactjs-course-project\\src\\app\\components\\Footer\\index.js","statementMap":{"0":{"start":{"line":1,"column":39},"end":{"line":1,"column":101}},"1":{"start":{"line":1,"column":273},"end":{"line":1,"column":327}},"2":{"start":{"line":1,"column":328},"end":{"line":1,"column":363}}},"fnMap":{"0":{"name":"_interopRequireDefault","decl":{"start":{"line":1,"column":244},"end":{"line":1,"column":266}},"loc":{"start":{"line":1,"column":272},"end":{"line":1,"column":328}},"line":1}},"branchMap":{"0":{"loc":{"start":{"line":1,"column":280},"end":{"line":1,"column":326}},"type":"cond-expr","locations":[{"start":{"line":1,"column":304},"end":{"line":1,"column":307}},{"start":{"line":1,"column":310},"end":{"line":1,"column":326}}],"line":1},"1":{"loc":{"start":{"line":1,"column":280},"end":{"line":1,"column":301}},"type":"binary-expr","locations":[{"start":{"line":1,"column":280},"end":{"line":1,"column":283}},{"start":{"line":1,"column":287},"end":{"line":1,"column":301}}],"line":1}},"s":{"0":1,"1":1,"2":1},"f":{"0":1},"b":{"0":[1,0],"1":[1,1]},"_coverageSchema":"332fd63041d2c1bcb487cc26dd0d5f7d97098a6c","hash":"9522b55e259f0178e425baead12e796aa7341b60"}
,"D:\\reactjs-course-project\\src\\app\\components\\Header\\Header.js": {"path":"D:\\reactjs-course-project\\src\\app\\components\\Header\\Header.js","statementMap":{"0":{"start":{"line":1,"column":39},"end":{"line":1,"column":101}},"1":{"start":{"line":1,"column":101},"end":{"line":1,"column":154}},"2":{"start":{"line":7,"column":172},"end":{"line":7,"column":226}},"3":{"start":{"line":9,"column":39},"end":{"line":28,"column":1}},"4":{"start":{"line":10,"column":22},"end":{"line":10,"column":26}},"5":{"start":{"line":11,"column":2},"end":{"line":15,"column":3}},"6":{"start":{"line":12,"column":4},"end":{"line":12,"column":156}},"7":{"start":{"line":14,"column":4},"end":{"line":14,"column":162}},"8":{"start":{"line":17,"column":2},"end":{"line":24,"column":199}},"9":{"start":{"line":30,"column":48},"end":{"line":35,"column":1}},"10":{"start":{"line":31,"column":2},"end":{"line":33,"column":37}}},"fnMap":{"0":{"name":"_interopRequireDefault","decl":{"start":{"line":7,"column":143},"end":{"line":7,"column":165}},"loc":{"start":{"line":7,"column":171},"end":{"line":7,"column":227}},"line":7},"1":{"name":"Header","decl":{"start":{"line":9,"column":65},"end":{"line":9,"column":71}},"loc":{"start":{"line":9,"column":79},"end":{"line":28,"column":1}},"line":9},"2":{"name":"mapStateToProps","decl":{"start":{"line":30,"column":83},"end":{"line":30,"column":98}},"loc":{"start":{"line":30,"column":106},"end":{"line":35,"column":1}},"line":30}},"branchMap":{"0":{"loc":{"start":{"line":7,"column":179},"end":{"line":7,"column":225}},"type":"cond-expr","locations":[{"start":{"line":7,"column":203},"end":{"line":7,"column":206}},{"start":{"line":7,"column":209},"end":{"line":7,"column":225}}],"line":7},"1":{"loc":{"start":{"line":7,"column":179},"end":{"line":7,"column":200}},"type":"binary-expr","locations":[{"start":{"line":7,"column":179},"end":{"line":7,"column":182}},{"start":{"line":7,"column":186},"end":{"line":7,"column":200}}],"line":7},"2":{"loc":{"start":{"line":11,"column":2},"end":{"line":15,"column":3}},"type":"if","locations":[{"start":{"line":11,"column":2},"end":{"line":15,"column":3}},{"start":{"line":11,"column":2},"end":{"line":15,"column":3}}],"line":11},"3":{"loc":{"start":{"line":24,"column":8},"end":{"line":24,"column":195}},"type":"binary-expr","locations":[{"start":{"line":24,"column":8},"end":{"line":24,"column":26}},{"start":{"line":24,"column":30},"end":{"line":24,"column":49}}],"line":24}},"s":{"0":2,"1":2,"2":12,"3":2,"4":8,"5":8,"6":7,"7":1,"8":8,"9":2,"10":2},"f":{"0":12,"1":8,"2":2},"b":{"0":[8,4],"1":[12,12],"2":[7,1],"3":[8,8]},"_coverageSchema":"332fd63041d2c1bcb487cc26dd0d5f7d97098a6c","hash":"a872e1ddd4ec3ef5006b0594fc0da6222009fe86"}
,"D:\\reactjs-course-project\\src\\app\\components\\Header\\index.css": {"path":"D:\\reactjs-course-project\\src\\app\\components\\Header\\index.css","statementMap":{},"fnMap":{},"branchMap":{},"s":{},"f":{},"b":{},"_coverageSchema":"332fd63041d2c1bcb487cc26dd0d5f7d97098a6c","hash":"8034502bcd77347fc0dccbdd6994e1e00e85e713"}
,"D:\\reactjs-course-project\\src\\app\\components\\Header\\index.js": {"path":"D:\\reactjs-course-project\\src\\app\\components\\Header\\index.js","statementMap":{"0":{"start":{"line":1,"column":39},"end":{"line":1,"column":101}},"1":{"start":{"line":1,"column":273},"end":{"line":1,"column":327}},"2":{"start":{"line":1,"column":328},"end":{"line":1,"column":363}}},"fnMap":{"0":{"name":"_interopRequireDefault","decl":{"start":{"line":1,"column":244},"end":{"line":1,"column":266}},"loc":{"start":{"line":1,"column":272},"end":{"line":1,"column":328}},"line":1}},"branchMap":{"0":{"loc":{"start":{"line":1,"column":280},"end":{"line":1,"column":326}},"type":"cond-expr","locations":[{"start":{"line":1,"column":304},"end":{"line":1,"column":307}},{"start":{"line":1,"column":310},"end":{"line":1,"column":326}}],"line":1},"1":{"loc":{"start":{"line":1,"column":280},"end":{"line":1,"column":301}},"type":"binary-expr","locations":[{"start":{"line":1,"column":280},"end":{"line":1,"column":283}},{"start":{"line":1,"column":287},"end":{"line":1,"column":301}}],"line":1}},"s":{"0":1,"1":1,"2":1},"f":{"0":1},"b":{"0":[1,0],"1":[1,1]},"_coverageSchema":"332fd63041d2c1bcb487cc26dd0d5f7d97098a6c","hash":"f58d0ba33f956d044e8135ac1f09a46bd2137d5e"}
,"D:\\reactjs-course-project\\src\\app\\components\\Header\\FilmDescription\\FilmDescription.js": {"path":"D:\\reactjs-course-project\\src\\app\\components\\Header\\FilmDescription\\FilmDescription.js","statementMap":{"0":{"start":{"line":1,"column":39},"end":{"line":1,"column":101}},"1":{"start":{"line":1,"column":101},"end":{"line":1,"column":207}},"2":{"start":{"line":6,"column":471},"end":{"line":6,"column":525}},"3":{"start":{"line":8,"column":48},"end":{"line":16,"column":303}},"4":{"start":{"line":20,"column":37},"end":{"line":20,"column":55}},"5":{"start":{"line":22,"column":48},"end":{"line":26,"column":1}},"6":{"start":{"line":23,"column":2},"end":{"line":24,"column":39}},"7":{"start":{"line":28,"column":51},"end":{"line":32,"column":1}},"8":{"start":{"line":29,"column":2},"end":{"line":30,"column":154}}},"fnMap":{"0":{"name":"_interopRequireDefault","decl":{"start":{"line":6,"column":442},"end":{"line":6,"column":464}},"loc":{"start":{"line":6,"column":470},"end":{"line":6,"column":526}},"line":6},"1":{"name":"FilmDescription","decl":{"start":{"line":8,"column":83},"end":{"line":8,"column":98}},"loc":{"start":{"line":8,"column":132},"end":{"line":16,"column":303}},"line":8},"2":{"name":"mapStateToProps","decl":{"start":{"line":22,"column":83},"end":{"line":22,"column":98}},"loc":{"start":{"line":22,"column":106},"end":{"line":26,"column":1}},"line":22},"3":{"name":"mapDispatchToProps","decl":{"start":{"line":28,"column":89},"end":{"line":28,"column":107}},"loc":{"start":{"line":28,"column":118},"end":{"line":32,"column":1}},"line":28},"4":{"name":"returnToSearchbox","decl":{"start":{"line":30,"column":58},"end":{"line":30,"column":75}},"loc":{"start":{"line":30,"column":104},"end":{"line":30,"column":151}},"line":30}},"branchMap":{"0":{"loc":{"start":{"line":6,"column":478},"end":{"line":6,"column":524}},"type":"cond-expr","locations":[{"start":{"line":6,"column":502},"end":{"line":6,"column":505}},{"start":{"line":6,"column":508},"end":{"line":6,"column":524}}],"line":6},"1":{"loc":{"start":{"line":6,"column":478},"end":{"line":6,"column":499}},"type":"binary-expr","locations":[{"start":{"line":6,"column":478},"end":{"line":6,"column":481}},{"start":{"line":6,"column":485},"end":{"line":6,"column":499}}],"line":6}},"s":{"0":3,"1":3,"2":12,"3":3,"4":3,"5":3,"6":1,"7":3,"8":1},"f":{"0":12,"1":7,"2":1,"3":1,"4":1},"b":{"0":[6,6],"1":[12,12]},"_coverageSchema":"332fd63041d2c1bcb487cc26dd0d5f7d97098a6c","hash":"64b0ff50331146478219c8647fa45d5fec5b0544"}
,"D:\\reactjs-course-project\\src\\app\\components\\Header\\FilmDescription\\index.css": {"path":"D:\\reactjs-course-project\\src\\app\\components\\Header\\FilmDescription\\index.css","statementMap":{},"fnMap":{},"branchMap":{},"s":{},"f":{},"b":{},"_coverageSchema":"332fd63041d2c1bcb487cc26dd0d5f7d97098a6c","hash":"d4cc193e38ee2114257e0542073ec6a5ce3879a4"}
,"D:\\reactjs-course-project\\src\\app\\components\\Header\\FilmDescription\\index.js": {"path":"D:\\reactjs-course-project\\src\\app\\components\\Header\\FilmDescription\\index.js","statementMap":{"0":{"start":{"line":1,"column":39},"end":{"line":1,"column":101}},"1":{"start":{"line":1,"column":309},"end":{"line":1,"column":363}},"2":{"start":{"line":1,"column":364},"end":{"line":1,"column":408}}},"fnMap":{"0":{"name":"_interopRequireDefault","decl":{"start":{"line":1,"column":280},"end":{"line":1,"column":302}},"loc":{"start":{"line":1,"column":308},"end":{"line":1,"column":364}},"line":1}},"branchMap":{"0":{"loc":{"start":{"line":1,"column":316},"end":{"line":1,"column":362}},"type":"cond-expr","locations":[{"start":{"line":1,"column":340},"end":{"line":1,"column":343}},{"start":{"line":1,"column":346},"end":{"line":1,"column":362}}],"line":1},"1":{"loc":{"start":{"line":1,"column":316},"end":{"line":1,"column":337}},"type":"binary-expr","locations":[{"start":{"line":1,"column":316},"end":{"line":1,"column":319}},{"start":{"line":1,"column":323},"end":{"line":1,"column":337}}],"line":1}},"s":{"0":2,"1":2,"2":2},"f":{"0":2},"b":{"0":[2,0],"1":[2,2]},"_coverageSchema":"332fd63041d2c1bcb487cc26dd0d5f7d97098a6c","hash":"3fec3226f8c9f288cd8bee8937cdba0c01f99366"}
,"D:\\reactjs-course-project\\src\\app\\components\\Header\\FilmDescription\\CurrentFilm\\CurrentFilm.js": {"path":"D:\\reactjs-course-project\\src\\app\\components\\Header\\FilmDescription\\CurrentFilm\\CurrentFilm.js","statementMap":{"0":{"start":{"line":1,"column":39},"end":{"line":1,"column":101}},"1":{"start":{"line":1,"column":101},"end":{"line":1,"column":159}},"2":{"start":{"line":6,"column":474},"end":{"line":6,"column":528}},"3":{"start":{"line":8,"column":44},"end":{"line":32,"column":1}},"4":{"start":{"line":9,"column":2},"end":{"line":29,"column":3}},"5":{"start":{"line":10,"column":22},"end":{"line":11,"column":97}},"6":{"start":{"line":12,"column":4},"end":{"line":24,"column":46}},"7":{"start":{"line":31,"column":2},"end":{"line":31,"column":14}},"8":{"start":{"line":34,"column":48},"end":{"line":39,"column":1}},"9":{"start":{"line":35,"column":2},"end":{"line":37,"column":39}}},"fnMap":{"0":{"name":"_interopRequireDefault","decl":{"start":{"line":6,"column":445},"end":{"line":6,"column":467}},"loc":{"start":{"line":6,"column":473},"end":{"line":6,"column":529}},"line":6},"1":{"name":"CurrentFilm","decl":{"start":{"line":8,"column":75},"end":{"line":8,"column":86}},"loc":{"start":{"line":8,"column":94},"end":{"line":32,"column":1}},"line":8},"2":{"name":"(anonymous_2)","decl":{"start":{"line":11,"column":11},"end":{"line":11,"column":12}},"loc":{"start":{"line":11,"column":52},"end":{"line":11,"column":93}},"line":11},"3":{"name":"mapStateToProps","decl":{"start":{"line":34,"column":83},"end":{"line":34,"column":98}},"loc":{"start":{"line":34,"column":106},"end":{"line":39,"column":1}},"line":34}},"branchMap":{"0":{"loc":{"start":{"line":6,"column":481},"end":{"line":6,"column":527}},"type":"cond-expr","locations":[{"start":{"line":6,"column":505},"end":{"line":6,"column":508}},{"start":{"line":6,"column":511},"end":{"line":6,"column":527}}],"line":6},"1":{"loc":{"start":{"line":6,"column":481},"end":{"line":6,"column":502}},"type":"binary-expr","locations":[{"start":{"line":6,"column":481},"end":{"line":6,"column":484}},{"start":{"line":6,"column":488},"end":{"line":6,"column":502}}],"line":6},"2":{"loc":{"start":{"line":9,"column":2},"end":{"line":29,"column":3}},"type":"if","locations":[{"start":{"line":9,"column":2},"end":{"line":29,"column":3}},{"start":{"line":9,"column":2},"end":{"line":29,"column":3}}],"line":9}},"s":{"0":4,"1":4,"2":16,"3":4,"4":4,"5":4,"6":4,"7":0,"8":4,"9":2},"f":{"0":16,"1":4,"2":8,"3":2},"b":{"0":[8,8],"1":[16,16],"2":[4,0]},"_coverageSchema":"332fd63041d2c1bcb487cc26dd0d5f7d97098a6c","hash":"54a7ef42abba76b3b1c6f9f124c44ecbf74035c7"}
,"D:\\reactjs-course-project\\src\\app\\components\\Header\\FilmDescription\\CurrentFilm\\index.js": {"path":"D:\\reactjs-course-project\\src\\app\\components\\Header\\FilmDescription\\CurrentFilm\\index.js","statementMap":{"0":{"start":{"line":1,"column":39},"end":{"line":1,"column":101}},"1":{"start":{"line":1,"column":120},"end":{"line":1,"column":144}},"2":{"start":{"line":1,"column":145},"end":{"line":1,"column":285}},"3":{"start":{"line":1,"column":228},"end":{"line":1,"column":280}}},"fnMap":{"0":{"name":"get","decl":{"start":{"line":1,"column":221},"end":{"line":1,"column":224}},"loc":{"start":{"line":1,"column":227},"end":{"line":1,"column":281}},"line":1}},"branchMap":{},"s":{"0":3,"1":3,"2":3,"3":2},"f":{"0":2},"b":{},"_coverageSchema":"332fd63041d2c1bcb487cc26dd0d5f7d97098a6c","hash":"70729d29883dfe31cdc6f9954443631e9a90db3a"}
,"D:\\reactjs-course-project\\src\\app\\components\\Header\\FilmDescription\\FilmData\\FilmData.js": {"path":"D:\\reactjs-course-project\\src\\app\\components\\Header\\FilmDescription\\FilmData\\FilmData.js","statementMap":{"0":{"start":{"line":1,"column":39},"end":{"line":1,"column":101}},"1":{"start":{"line":4,"column":172},"end":{"line":4,"column":226}},"2":{"start":{"line":6,"column":15},"end":{"line":21,"column":1}},"3":{"start":{"line":9,"column":2},"end":{"line":18,"column":170}}},"fnMap":{"0":{"name":"_interopRequireDefault","decl":{"start":{"line":4,"column":143},"end":{"line":4,"column":165}},"loc":{"start":{"line":4,"column":171},"end":{"line":4,"column":227}},"line":4},"1":{"name":"FilmData","decl":{"start":{"line":6,"column":24},"end":{"line":6,"column":32}},"loc":{"start":{"line":6,"column":40},"end":{"line":21,"column":1}},"line":6}},"branchMap":{"0":{"loc":{"start":{"line":4,"column":179},"end":{"line":4,"column":225}},"type":"cond-expr","locations":[{"start":{"line":4,"column":203},"end":{"line":4,"column":206}},{"start":{"line":4,"column":209},"end":{"line":4,"column":225}}],"line":4},"1":{"loc":{"start":{"line":4,"column":179},"end":{"line":4,"column":200}},"type":"binary-expr","locations":[{"start":{"line":4,"column":179},"end":{"line":4,"column":182}},{"start":{"line":4,"column":186},"end":{"line":4,"column":200}}],"line":4}},"s":{"0":5,"1":20,"2":5,"3":2},"f":{"0":20,"1":2},"b":{"0":[10,10],"1":[20,20]},"_coverageSchema":"332fd63041d2c1bcb487cc26dd0d5f7d97098a6c","hash":"606bc48d8dc10ef343594f9bf004d0d47504f1ed"}
,"D:\\reactjs-course-project\\src\\app\\components\\Header\\FilmDescription\\FilmData\\index.css": {"path":"D:\\reactjs-course-project\\src\\app\\components\\Header\\FilmDescription\\FilmData\\index.css","statementMap":{},"fnMap":{},"branchMap":{},"s":{},"f":{},"b":{},"_coverageSchema":"332fd63041d2c1bcb487cc26dd0d5f7d97098a6c","hash":"da6fe79eba9f7b3f91bc8da0967c7da87f9f4fdc"}
,"D:\\reactjs-course-project\\src\\app\\components\\Header\\FilmDescription\\FilmData\\index.js": {"path":"D:\\reactjs-course-project\\src\\app\\components\\Header\\FilmDescription\\FilmData\\index.js","statementMap":{"0":{"start":{"line":1,"column":39},"end":{"line":1,"column":101}},"1":{"start":{"line":1,"column":281},"end":{"line":1,"column":335}},"2":{"start":{"line":1,"column":336},"end":{"line":1,"column":373}}},"fnMap":{"0":{"name":"_interopRequireDefault","decl":{"start":{"line":1,"column":252},"end":{"line":1,"column":274}},"loc":{"start":{"line":1,"column":280},"end":{"line":1,"column":336}},"line":1}},"branchMap":{"0":{"loc":{"start":{"line":1,"column":288},"end":{"line":1,"column":334}},"type":"cond-expr","locations":[{"start":{"line":1,"column":312},"end":{"line":1,"column":315}},{"start":{"line":1,"column":318},"end":{"line":1,"column":334}}],"line":1},"1":{"loc":{"start":{"line":1,"column":288},"end":{"line":1,"column":309}},"type":"binary-expr","locations":[{"start":{"line":1,"column":288},"end":{"line":1,"column":291}},{"start":{"line":1,"column":295},"end":{"line":1,"column":309}}],"line":1}},"s":{"0":4,"1":4,"2":4},"f":{"0":4},"b":{"0":[4,0],"1":[4,4]},"_coverageSchema":"332fd63041d2c1bcb487cc26dd0d5f7d97098a6c","hash":"40b2ac3659ce566ed99849421e5c4bad8fc52734"}
,"D:\\reactjs-course-project\\src\\app\\components\\Header\\FilmDescription\\FilmData\\Brief\\Brief.js": {"path":"D:\\reactjs-course-project\\src\\app\\components\\Header\\FilmDescription\\FilmData\\Brief\\Brief.js","statementMap":{"0":{"start":{"line":1,"column":39},"end":{"line":1,"column":101}},"1":{"start":{"line":2,"column":172},"end":{"line":2,"column":226}},"2":{"start":{"line":4,"column":12},"end":{"line":17,"column":185}}},"fnMap":{"0":{"name":"_interopRequireDefault","decl":{"start":{"line":2,"column":143},"end":{"line":2,"column":165}},"loc":{"start":{"line":2,"column":171},"end":{"line":2,"column":227}},"line":2},"1":{"name":"Brief","decl":{"start":{"line":4,"column":21},"end":{"line":4,"column":26}},"loc":{"start":{"line":4,"column":60},"end":{"line":17,"column":185}},"line":4}},"branchMap":{"0":{"loc":{"start":{"line":2,"column":179},"end":{"line":2,"column":225}},"type":"cond-expr","locations":[{"start":{"line":2,"column":203},"end":{"line":2,"column":206}},{"start":{"line":2,"column":209},"end":{"line":2,"column":225}}],"line":2},"1":{"loc":{"start":{"line":2,"column":179},"end":{"line":2,"column":200}},"type":"binary-expr","locations":[{"start":{"line":2,"column":179},"end":{"line":2,"column":182}},{"start":{"line":2,"column":186},"end":{"line":2,"column":200}}],"line":2}},"s":{"0":5,"1":10,"2":5},"f":{"0":10,"1":0},"b":{"0":[0,10],"1":[10,10]},"_coverageSchema":"332fd63041d2c1bcb487cc26dd0d5f7d97098a6c","hash":"6c36c21bd9bcb9f33ce04fefe4a8a509287182cf"}
,"D:\\reactjs-course-project\\src\\app\\components\\Header\\FilmDescription\\FilmData\\Brief\\index.css": {"path":"D:\\reactjs-course-project\\src\\app\\components\\Header\\FilmDescription\\FilmData\\Brief\\index.css","statementMap":{},"fnMap":{},"branchMap":{},"s":{},"f":{},"b":{},"_coverageSchema":"332fd63041d2c1bcb487cc26dd0d5f7d97098a6c","hash":"32b6836b2c10dc92f3e0b55c80746061081531d8"}
,"D:\\reactjs-course-project\\src\\app\\components\\Header\\FilmDescription\\FilmData\\Synopsis\\Synopsis.js": {"path":"D:\\reactjs-course-project\\src\\app\\components\\Header\\FilmDescription\\FilmData\\Synopsis\\Synopsis.js","statementMap":{"0":{"start":{"line":1,"column":39},"end":{"line":1,"column":101}},"1":{"start":{"line":2,"column":172},"end":{"line":2,"column":226}},"2":{"start":{"line":4,"column":15},"end":{"line":4,"column":274}}},"fnMap":{"0":{"name":"_interopRequireDefault","decl":{"start":{"line":2,"column":143},"end":{"line":2,"column":165}},"loc":{"start":{"line":2,"column":171},"end":{"line":2,"column":227}},"line":2},"1":{"name":"Synopsis","decl":{"start":{"line":4,"column":24},"end":{"line":4,"column":32}},"loc":{"start":{"line":4,"column":66},"end":{"line":4,"column":274}},"line":4}},"branchMap":{"0":{"loc":{"start":{"line":2,"column":179},"end":{"line":2,"column":225}},"type":"cond-expr","locations":[{"start":{"line":2,"column":203},"end":{"line":2,"column":206}},{"start":{"line":2,"column":209},"end":{"line":2,"column":225}}],"line":2},"1":{"loc":{"start":{"line":2,"column":179},"end":{"line":2,"column":200}},"type":"binary-expr","locations":[{"start":{"line":2,"column":179},"end":{"line":2,"column":182}},{"start":{"line":2,"column":186},"end":{"line":2,"column":200}}],"line":2}},"s":{"0":5,"1":10,"2":5},"f":{"0":10,"1":0},"b":{"0":[0,10],"1":[10,10]},"_coverageSchema":"332fd63041d2c1bcb487cc26dd0d5f7d97098a6c","hash":"cf6a6aaec76fcc033745489dd786e869c846e404"}
,"D:\\reactjs-course-project\\src\\app\\components\\Header\\FilmDescription\\FilmData\\Synopsis\\index.css": {"path":"D:\\reactjs-course-project\\src\\app\\components\\Header\\FilmDescription\\FilmData\\Synopsis\\index.css","statementMap":{},"fnMap":{},"branchMap":{},"s":{},"f":{},"b":{},"_coverageSchema":"332fd63041d2c1bcb487cc26dd0d5f7d97098a6c","hash":"926dca5c02bf109ab0f27e842f35e57f16da0d4d"}
,"D:\\reactjs-course-project\\src\\app\\components\\Header\\FilmDescription\\FilmData\\Synopsis\\index.js": {"path":"D:\\reactjs-course-project\\src\\app\\components\\Header\\FilmDescription\\FilmData\\Synopsis\\index.js","statementMap":{"0":{"start":{"line":1,"column":39},"end":{"line":1,"column":101}},"1":{"start":{"line":1,"column":281},"end":{"line":1,"column":335}},"2":{"start":{"line":1,"column":336},"end":{"line":1,"column":373}}},"fnMap":{"0":{"name":"_interopRequireDefault","decl":{"start":{"line":1,"column":252},"end":{"line":1,"column":274}},"loc":{"start":{"line":1,"column":280},"end":{"line":1,"column":336}},"line":1}},"branchMap":{"0":{"loc":{"start":{"line":1,"column":288},"end":{"line":1,"column":334}},"type":"cond-expr","locations":[{"start":{"line":1,"column":312},"end":{"line":1,"column":315}},{"start":{"line":1,"column":318},"end":{"line":1,"column":334}}],"line":1},"1":{"loc":{"start":{"line":1,"column":288},"end":{"line":1,"column":309}},"type":"binary-expr","locations":[{"start":{"line":1,"column":288},"end":{"line":1,"column":291}},{"start":{"line":1,"column":295},"end":{"line":1,"column":309}}],"line":1}},"s":{"0":5,"1":5,"2":5},"f":{"0":5},"b":{"0":[5,0],"1":[5,5]},"_coverageSchema":"332fd63041d2c1bcb487cc26dd0d5f7d97098a6c","hash":"14413a57e7b87fde0c2f3b5bb45eab53a7a51774"}
,"D:\\reactjs-course-project\\src\\app\\components\\Header\\FilmDescription\\FilmPoster\\FilmPoster.js": {"path":"D:\\reactjs-course-project\\src\\app\\components\\Header\\FilmDescription\\FilmPoster\\FilmPoster.js","statementMap":{"0":{"start":{"line":1,"column":39},"end":{"line":1,"column":101}},"1":{"start":{"line":2,"column":172},"end":{"line":2,"column":226}},"2":{"start":{"line":4,"column":17},"end":{"line":8,"column":29}}},"fnMap":{"0":{"name":"_interopRequireDefault","decl":{"start":{"line":2,"column":143},"end":{"line":2,"column":165}},"loc":{"start":{"line":2,"column":171},"end":{"line":2,"column":227}},"line":2},"1":{"name":"FilmPoster","decl":{"start":{"line":4,"column":26},"end":{"line":4,"column":36}},"loc":{"start":{"line":4,"column":70},"end":{"line":8,"column":29}},"line":4}},"branchMap":{"0":{"loc":{"start":{"line":2,"column":179},"end":{"line":2,"column":225}},"type":"cond-expr","locations":[{"start":{"line":2,"column":203},"end":{"line":2,"column":206}},{"start":{"line":2,"column":209},"end":{"line":2,"column":225}}],"line":2},"1":{"loc":{"start":{"line":2,"column":179},"end":{"line":2,"column":200}},"type":"binary-expr","locations":[{"start":{"line":2,"column":179},"end":{"line":2,"column":182}},{"start":{"line":2,"column":186},"end":{"line":2,"column":200}}],"line":2}},"s":{"0":4,"1":8,"2":4},"f":{"0":8,"1":0},"b":{"0":[0,8],"1":[8,8]},"_coverageSchema":"332fd63041d2c1bcb487cc26dd0d5f7d97098a6c","hash":"56cda0898ecc92a8994991e53f63680feeb24bc9"}
,"D:\\reactjs-course-project\\src\\app\\components\\Header\\FilmDescription\\FilmPoster\\index.css": {"path":"D:\\reactjs-course-project\\src\\app\\components\\Header\\FilmDescription\\FilmPoster\\index.css","statementMap":{},"fnMap":{},"branchMap":{},"s":{},"f":{},"b":{},"_coverageSchema":"332fd63041d2c1bcb487cc26dd0d5f7d97098a6c","hash":"bb8c875187302f06cc310485443ec47caeef99fe"}
,"D:\\reactjs-course-project\\src\\app\\components\\Header\\FilmDescription\\FilmPoster\\index.js": {"path":"D:\\reactjs-course-project\\src\\app\\components\\Header\\FilmDescription\\FilmPoster\\index.js","statementMap":{"0":{"start":{"line":1,"column":39},"end":{"line":1,"column":101}},"1":{"start":{"line":1,"column":289},"end":{"line":1,"column":343}},"2":{"start":{"line":1,"column":344},"end":{"line":1,"column":383}}},"fnMap":{"0":{"name":"_interopRequireDefault","decl":{"start":{"line":1,"column":260},"end":{"line":1,"column":282}},"loc":{"start":{"line":1,"column":288},"end":{"line":1,"column":344}},"line":1}},"branchMap":{"0":{"loc":{"start":{"line":1,"column":296},"end":{"line":1,"column":342}},"type":"cond-expr","locations":[{"start":{"line":1,"column":320},"end":{"line":1,"column":323}},{"start":{"line":1,"column":326},"end":{"line":1,"column":342}}],"line":1},"1":{"loc":{"start":{"line":1,"column":296},"end":{"line":1,"column":317}},"type":"binary-expr","locations":[{"start":{"line":1,"column":296},"end":{"line":1,"column":299}},{"start":{"line":1,"column":303},"end":{"line":1,"column":317}}],"line":1}},"s":{"0":4,"1":4,"2":4},"f":{"0":4},"b":{"0":[4,0],"1":[4,4]},"_coverageSchema":"332fd63041d2c1bcb487cc26dd0d5f7d97098a6c","hash":"89ed0d387d06a1b528e2d7fa2cbe47996344328d"}
,"D:\\reactjs-course-project\\src\\app\\components\\Header\\SearchResultsBar\\SearchResultsBar.js": {"path":"D:\\reactjs-course-project\\src\\app\\components\\Header\\SearchResultsBar\\SearchResultsBar.js","statementMap":{"0":{"start":{"line":1,"column":39},"end":{"line":1,"column":101}},"1":{"start":{"line":4,"column":173},"end":{"line":4,"column":389}},"2":{"start":{"line":4,"column":201},"end":{"line":4,"column":212}},"3":{"start":{"line":4,"column":233},"end":{"line":4,"column":235}},"4":{"start":{"line":4,"column":236},"end":{"line":4,"column":353}},"5":{"start":{"line":4,"column":254},"end":{"line":4,"column":352}},"6":{"start":{"line":4,"column":276},"end":{"line":4,"column":351}},"7":{"start":{"line":4,"column":328},"end":{"line":4,"column":351}},"8":{"start":{"line":4,"column":353},"end":{"line":4,"column":374}},"9":{"start":{"line":4,"column":374},"end":{"line":4,"column":388}},"10":{"start":{"line":4,"column":428},"end":{"line":4,"column":482}},"11":{"start":{"line":6,"column":23},"end":{"line":21,"column":177}},"12":{"start":{"line":29,"column":22},"end":{"line":33,"column":1}},"13":{"start":{"line":30,"column":2},"end":{"line":31,"column":35}},"14":{"start":{"line":35,"column":25},"end":{"line":39,"column":1}},"15":{"start":{"line":36,"column":2},"end":{"line":37,"column":156}}},"fnMap":{"0":{"name":"_interopRequireWildcard","decl":{"start":{"line":4,"column":143},"end":{"line":4,"column":166}},"loc":{"start":{"line":4,"column":172},"end":{"line":4,"column":390}},"line":4},"1":{"name":"_interopRequireDefault","decl":{"start":{"line":4,"column":399},"end":{"line":4,"column":421}},"loc":{"start":{"line":4,"column":427},"end":{"line":4,"column":483}},"line":4},"2":{"name":"SearchResultsBar","decl":{"start":{"line":6,"column":32},"end":{"line":6,"column":48}},"loc":{"start":{"line":6,"column":82},"end":{"line":21,"column":177}},"line":6},"3":{"name":"mapStateToProps","decl":{"start":{"line":29,"column":31},"end":{"line":29,"column":46}},"loc":{"start":{"line":29,"column":54},"end":{"line":33,"column":1}},"line":29},"4":{"name":"mapDispatchToProps","decl":{"start":{"line":35,"column":34},"end":{"line":35,"column":52}},"loc":{"start":{"line":35,"column":63},"end":{"line":39,"column":1}},"line":35},"5":{"name":"sortFilms","decl":{"start":{"line":37,"column":50},"end":{"line":37,"column":59}},"loc":{"start":{"line":37,"column":101},"end":{"line":37,"column":153}},"line":37}},"branchMap":{"0":{"loc":{"start":{"line":4,"column":173},"end":{"line":4,"column":389}},"type":"if","locations":[{"start":{"line":4,"column":173},"end":{"line":4,"column":389}},{"start":{"line":4,"column":173},"end":{"line":4,"column":389}}],"line":4},"1":{"loc":{"start":{"line":4,"column":177},"end":{"line":4,"column":198}},"type":"binary-expr","locations":[{"start":{"line":4,"column":177},"end":{"line":4,"column":180}},{"start":{"line":4,"column":184},"end":{"line":4,"column":198}}],"line":4},"2":{"loc":{"start":{"line":4,"column":236},"end":{"line":4,"column":353}},"type":"if","locations":[{"start":{"line":4,"column":236},"end":{"line":4,"column":353}},{"start":{"line":4,"column":236},"end":{"line":4,"column":353}}],"line":4},"3":{"loc":{"start":{"line":4,"column":276},"end":{"line":4,"column":351}},"type":"if","locations":[{"start":{"line":4,"column":276},"end":{"line":4,"column":351}},{"start":{"line":4,"column":276},"end":{"line":4,"column":351}}],"line":4},"4":{"loc":{"start":{"line":4,"column":435},"end":{"line":4,"column":481}},"type":"cond-expr","locations":[{"start":{"line":4,"column":459},"end":{"line":4,"column":462}},{"start":{"line":4,"column":465},"end":{"line":4,"column":481}}],"line":4},"5":{"loc":{"start":{"line":4,"column":435},"end":{"line":4,"column":456}},"type":"binary-expr","locations":[{"start":{"line":4,"column":435},"end":{"line":4,"column":438}},{"start":{"line":4,"column":442},"end":{"line":4,"column":456}}],"line":4}},"s":{"0":2,"1":2,"2":2,"3":0,"4":0,"5":0,"6":0,"7":0,"8":0,"9":0,"10":4,"11":2,"12":2,"13":0,"14":2,"15":0},"f":{"0":2,"1":4,"2":0,"3":0,"4":0,"5":0},"b":{"0":[2,0],"1":[2,2],"2":[0,0],"3":[0,0],"4":[0,4],"5":[4,4]},"_coverageSchema":"332fd63041d2c1bcb487cc26dd0d5f7d97098a6c","hash":"fd466a1866bcf6cdc210cf4b77d350b8d77bd168"}
,"D:\\reactjs-course-project\\src\\app\\components\\Header\\SearchResultsBar\\index.css": {"path":"D:\\reactjs-course-project\\src\\app\\components\\Header\\SearchResultsBar\\index.css","statementMap":{},"fnMap":{},"branchMap":{},"s":{},"f":{},"b":{},"_coverageSchema":"332fd63041d2c1bcb487cc26dd0d5f7d97098a6c","hash":"6afd372a77032caeb3e08309bcb47ce9c6394669"}
,"D:\\reactjs-course-project\\src\\app\\components\\Header\\SearchResultsBar\\index.js": {"path":"D:\\reactjs-course-project\\src\\app\\components\\Header\\SearchResultsBar\\index.js","statementMap":{"0":{"start":{"line":1,"column":39},"end":{"line":1,"column":101}},"1":{"start":{"line":1,"column":313},"end":{"line":1,"column":367}},"2":{"start":{"line":1,"column":368},"end":{"line":1,"column":413}}},"fnMap":{"0":{"name":"_interopRequireDefault","decl":{"start":{"line":1,"column":284},"end":{"line":1,"column":306}},"loc":{"start":{"line":1,"column":312},"end":{"line":1,"column":368}},"line":1}},"branchMap":{"0":{"loc":{"start":{"line":1,"column":320},"end":{"line":1,"column":366}},"type":"cond-expr","locations":[{"start":{"line":1,"column":344},"end":{"line":1,"column":347}},{"start":{"line":1,"column":350},"end":{"line":1,"column":366}}],"line":1},"1":{"loc":{"start":{"line":1,"column":320},"end":{"line":1,"column":341}},"type":"binary-expr","locations":[{"start":{"line":1,"column":320},"end":{"line":1,"column":323}},{"start":{"line":1,"column":327},"end":{"line":1,"column":341}}],"line":1}},"s":{"0":2,"1":2,"2":2},"f":{"0":2},"b":{"0":[2,0],"1":[2,2]},"_coverageSchema":"332fd63041d2c1bcb487cc26dd0d5f7d97098a6c","hash":"47d54bc37bc54e1634ded5712abccebda075d56b"}
,"D:\\reactjs-course-project\\src\\app\\components\\Header\\Searchbox\\Searchbox.js": {"path":"D:\\reactjs-course-project\\src\\app\\components\\Header\\Searchbox\\Searchbox.js","statementMap":{"0":{"start":{"line":1,"column":39},"end":{"line":1,"column":101}},"1":{"start":{"line":1,"column":120},"end":{"line":1,"column":649}},"2":{"start":{"line":1,"column":175},"end":{"line":1,"column":440}},"3":{"start":{"line":1,"column":232},"end":{"line":1,"column":240}},"4":{"start":{"line":1,"column":241},"end":{"line":1,"column":296}},"5":{"start":{"line":1,"column":296},"end":{"line":1,"column":327}},"6":{"start":{"line":1,"column":327},"end":{"line":1,"column":381}},"7":{"start":{"line":1,"column":354},"end":{"line":1,"column":381}},"8":{"start":{"line":1,"column":381},"end":{"line":1,"column":439}},"9":{"start":{"line":1,"column":441},"end":{"line":1,"column":646}},"10":{"start":{"line":1,"column":497},"end":{"line":1,"column":565}},"11":{"start":{"line":1,"column":513},"end":{"line":1,"column":565}},"12":{"start":{"line":1,"column":565},"end":{"line":1,"column":625}},"13":{"start":{"line":1,"column":582},"end":{"line":1,"column":625}},"14":{"start":{"line":1,"column":625},"end":{"line":1,"column":644}},"15":{"start":{"line":6,"column":173},"end":{"line":6,"column":389}},"16":{"start":{"line":6,"column":201},"end":{"line":6,"column":212}},"17":{"start":{"line":6,"column":233},"end":{"line":6,"column":235}},"18":{"start":{"line":6,"column":236},"end":{"line":6,"column":353}},"19":{"start":{"line":6,"column":254},"end":{"line":6,"column":352}},"20":{"start":{"line":6,"column":276},"end":{"line":6,"column":351}},"21":{"start":{"line":6,"column":328},"end":{"line":6,"column":351}},"22":{"start":{"line":6,"column":353},"end":{"line":6,"column":374}},"23":{"start":{"line":6,"column":374},"end":{"line":6,"column":388}},"24":{"start":{"line":6,"column":428},"end":{"line":6,"column":482}},"25":{"start":{"line":6,"column":532},"end":{"line":6,"column":631}},"26":{"start":{"line":6,"column":573},"end":{"line":6,"column":630}},"27":{"start":{"line":6,"column":681},"end":{"line":6,"column":780}},"28":{"start":{"line":6,"column":693},"end":{"line":6,"column":779}},"29":{"start":{"line":6,"column":780},"end":{"line":6,"column":866}},"30":{"start":{"line":6,"column":909},"end":{"line":6,"column":1072}},"31":{"start":{"line":6,"column":971},"end":{"line":6,"column":1071}},"32":{"start":{"line":6,"column":1072},"end":{"line":6,"column":1236}},"33":{"start":{"line":6,"column":1236},"end":{"line":6,"column":1354}},"34":{"start":{"line":6,"column":1252},"end":{"line":6,"column":1354}},"35":{"start":{"line":8,"column":12},"end":{"line":79,"column":46}},"36":{"start":{"line":8,"column":35},"end":{"line":8,"column":68}},"37":{"start":{"line":9,"column":126},"end":{"line":10,"column":11}},"38":{"start":{"line":16,"column":3},"end":{"line":79,"column":10}},"39":{"start":{"line":19,"column":6},"end":{"line":20,"column":38}},"40":{"start":{"line":25,"column":23},"end":{"line":30,"column":25}},"41":{"start":{"line":32,"column":6},"end":{"line":32,"column":41}},"42":{"start":{"line":36,"column":6},"end":{"line":38,"column":7}},"43":{"start":{"line":37,"column":8},"end":{"line":37,"column":44}},"44":{"start":{"line":42,"column":6},"end":{"line":73,"column":38}},"45":{"start":{"line":79,"column":10},"end":{"line":79,"column":27}},"46":{"start":{"line":82,"column":22},"end":{"line":87,"column":1}},"47":{"start":{"line":83,"column":2},"end":{"line":85,"column":39}},"48":{"start":{"line":89,"column":25},"end":{"line":93,"column":1}},"49":{"start":{"line":90,"column":2},"end":{"line":91,"column":146}}},"fnMap":{"0":{"name":"(anonymous_0)","decl":{"start":{"line":1,"column":120},"end":{"line":1,"column":121}},"loc":{"start":{"line":1,"column":132},"end":{"line":1,"column":647}},"line":1},"1":{"name":"defineProperties","decl":{"start":{"line":1,"column":142},"end":{"line":1,"column":158}},"loc":{"start":{"line":1,"column":174},"end":{"line":1,"column":441}},"line":1},"2":{"name":"(anonymous_2)","decl":{"start":{"line":1,"column":448},"end":{"line":1,"column":449}},"loc":{"start":{"line":1,"column":496},"end":{"line":1,"column":645}},"line":1},"3":{"name":"_interopRequireWildcard","decl":{"start":{"line":6,"column":143},"end":{"line":6,"column":166}},"loc":{"start":{"line":6,"column":172},"end":{"line":6,"column":390}},"line":6},"4":{"name":"_interopRequireDefault","decl":{"start":{"line":6,"column":399},"end":{"line":6,"column":421}},"loc":{"start":{"line":6,"column":427},"end":{"line":6,"column":483}},"line":6},"5":{"name":"_classCallCheck","decl":{"start":{"line":6,"column":492},"end":{"line":6,"column":507}},"loc":{"start":{"line":6,"column":531},"end":{"line":6,"column":632}},"line":6},"6":{"name":"_possibleConstructorReturn","decl":{"start":{"line":6,"column":641},"end":{"line":6,"column":667}},"loc":{"start":{"line":6,"column":680},"end":{"line":6,"column":867}},"line":6},"7":{"name":"_inherits","decl":{"start":{"line":6,"column":876},"end":{"line":6,"column":885}},"loc":{"start":{"line":6,"column":908},"end":{"line":6,"column":1355}},"line":6},"8":{"name":"(anonymous_8)","decl":{"start":{"line":8,"column":12},"end":{"line":8,"column":13}},"loc":{"start":{"line":8,"column":34},"end":{"line":79,"column":28}},"line":8},"9":{"name":"Searchbox","decl":{"start":{"line":9,"column":37},"end":{"line":9,"column":46}},"loc":{"start":{"line":9,"column":54},"end":{"line":16,"column":3}},"line":9},"10":{"name":"getInputValue","decl":{"start":{"line":16,"column":68},"end":{"line":16,"column":81}},"loc":{"start":{"line":18,"column":7},"end":{"line":22,"column":5}},"line":18},"11":{"name":"searchFilms","decl":{"start":{"line":22,"column":47},"end":{"line":22,"column":58}},"loc":{"start":{"line":24,"column":15},"end":{"line":33,"column":5}},"line":24},"12":{"name":"(anonymous_12)","decl":{"start":{"line":26,"column":13},"end":{"line":26,"column":14}},"loc":{"start":{"line":26,"column":55},"end":{"line":30,"column":24}},"line":26},"13":{"name":"keyReleased","decl":{"start":{"line":33,"column":47},"end":{"line":33,"column":58}},"loc":{"start":{"line":35,"column":7},"end":{"line":39,"column":5}},"line":35},"14":{"name":"render","decl":{"start":{"line":39,"column":42},"end":{"line":39,"column":48}},"loc":{"start":{"line":41,"column":4},"end":{"line":79,"column":5}},"line":41},"15":{"name":"changed","decl":{"start":{"line":49,"column":60},"end":{"line":49,"column":67}},"loc":{"start":{"line":49,"column":97},"end":{"line":49,"column":130}},"line":49},"16":{"name":"keyReleased","decl":{"start":{"line":52,"column":64},"end":{"line":52,"column":75}},"loc":{"start":{"line":52,"column":105},"end":{"line":52,"column":136}},"line":52},"17":{"name":"clicked","decl":{"start":{"line":61,"column":60},"end":{"line":61,"column":67}},"loc":{"start":{"line":61,"column":96},"end":{"line":61,"column":142}},"line":61},"18":{"name":"clicked","decl":{"start":{"line":66,"column":60},"end":{"line":66,"column":67}},"loc":{"start":{"line":66,"column":96},"end":{"line":66,"column":143}},"line":66},"19":{"name":"clicked","decl":{"start":{"line":72,"column":60},"end":{"line":72,"column":67}},"loc":{"start":{"line":72,"column":96},"end":{"line":72,"column":145}},"line":72},"20":{"name":"mapStateToProps","decl":{"start":{"line":82,"column":31},"end":{"line":82,"column":46}},"loc":{"start":{"line":82,"column":54},"end":{"line":87,"column":1}},"line":82},"21":{"name":"mapDispatchToProps","decl":{"start":{"line":89,"column":34},"end":{"line":89,"column":52}},"loc":{"start":{"line":89,"column":63},"end":{"line":93,"column":1}},"line":89},"22":{"name":"searchFilms","decl":{"start":{"line":91,"column":52},"end":{"line":91,"column":63}},"loc":{"start":{"line":91,"column":97},"end":{"line":91,"column":143}},"line":91}},"branchMap":{"0":{"loc":{"start":{"line":1,"column":265},"end":{"line":1,"column":295}},"type":"binary-expr","locations":[{"start":{"line":1,"column":265},"end":{"line":1,"column":286}},{"start":{"line":1,"column":290},"end":{"line":1,"column":295}}],"line":1},"1":{"loc":{"start":{"line":1,"column":327},"end":{"line":1,"column":381}},"type":"if","locations":[{"start":{"line":1,"column":327},"end":{"line":1,"column":381}},{"start":{"line":1,"column":327},"end":{"line":1,"column":381}}],"line":1},"2":{"loc":{"start":{"line":1,"column":497},"end":{"line":1,"column":565}},"type":"if","locations":[{"start":{"line":1,"column":497},"end":{"line":1,"column":565}},{"start":{"line":1,"column":497},"end":{"line":1,"column":565}}],"line":1},"3":{"loc":{"start":{"line":1,"column":565},"end":{"line":1,"column":625}},"type":"if","locations":[{"start":{"line":1,"column":565},"end":{"line":1,"column":625}},{"start":{"line":1,"column":565},"end":{"line":1,"column":625}}],"line":1},"4":{"loc":{"start":{"line":6,"column":173},"end":{"line":6,"column":389}},"type":"if","locations":[{"start":{"line":6,"column":173},"end":{"line":6,"column":389}},{"start":{"line":6,"column":173},"end":{"line":6,"column":389}}],"line":6},"5":{"loc":{"start":{"line":6,"column":177},"end":{"line":6,"column":198}},"type":"binary-expr","locations":[{"start":{"line":6,"column":177},"end":{"line":6,"column":180}},{"start":{"line":6,"column":184},"end":{"line":6,"column":198}}],"line":6},"6":{"loc":{"start":{"line":6,"column":236},"end":{"line":6,"column":353}},"type":"if","locations":[{"start":{"line":6,"column":236},"end":{"line":6,"column":353}},{"start":{"line":6,"column":236},"end":{"line":6,"column":353}}],"line":6},"7":{"loc":{"start":{"line":6,"column":276},"end":{"line":6,"column":351}},"type":"if","locations":[{"start":{"line":6,"column":276},"end":{"line":6,"column":351}},{"start":{"line":6,"column":276},"end":{"line":6,"column":351}}],"line":6},"8":{"loc":{"start":{"line":6,"column":435},"end":{"line":6,"column":481}},"type":"cond-expr","locations":[{"start":{"line":6,"column":459},"end":{"line":6,"column":462}},{"start":{"line":6,"column":465},"end":{"line":6,"column":481}}],"line":6},"9":{"loc":{"start":{"line":6,"column":435},"end":{"line":6,"column":456}},"type":"binary-expr","locations":[{"start":{"line":6,"column":435},"end":{"line":6,"column":438}},{"start":{"line":6,"column":442},"end":{"line":6,"column":456}}],"line":6},"10":{"loc":{"start":{"line":6,"column":532},"end":{"line":6,"column":631}},"type":"if","locations":[{"start":{"line":6,"column":532},"end":{"line":6,"column":631}},{"start":{"line":6,"column":532},"end":{"line":6,"column":631}}],"line":6},"11":{"loc":{"start":{"line":6,"column":681},"end":{"line":6,"column":780}},"type":"if","locations":[{"start":{"line":6,"column":681},"end":{"line":6,"column":780}},{"start":{"line":6,"column":681},"end":{"line":6,"column":780}}],"line":6},"12":{"loc":{"start":{"line":6,"column":787},"end":{"line":6,"column":865}},"type":"cond-expr","locations":[{"start":{"line":6,"column":854},"end":{"line":6,"column":858}},{"start":{"line":6,"column":861},"end":{"line":6,"column":865}}],"line":6},"13":{"loc":{"start":{"line":6,"column":787},"end":{"line":6,"column":851}},"type":"binary-expr","locations":[{"start":{"line":6,"column":787},"end":{"line":6,"column":791}},{"start":{"line":6,"column":796},"end":{"line":6,"column":820}},{"start":{"line":6,"column":824},"end":{"line":6,"column":850}}],"line":6},"14":{"loc":{"start":{"line":6,"column":909},"end":{"line":6,"column":1072}},"type":"if","locations":[{"start":{"line":6,"column":909},"end":{"line":6,"column":1072}},{"start":{"line":6,"column":909},"end":{"line":6,"column":1072}}],"line":6},"15":{"loc":{"start":{"line":6,"column":913},"end":{"line":6,"column":968}},"type":"binary-expr","locations":[{"start":{"line":6,"column":913},"end":{"line":6,"column":945}},{"start":{"line":6,"column":949},"end":{"line":6,"column":968}}],"line":6},"16":{"loc":{"start":{"line":6,"column":1107},"end":{"line":6,"column":1141}},"type":"binary-expr","locations":[{"start":{"line":6,"column":1107},"end":{"line":6,"column":1117}},{"start":{"line":6,"column":1121},"end":{"line":6,"column":1141}}],"line":6},"17":{"loc":{"start":{"line":6,"column":1236},"end":{"line":6,"column":1354}},"type":"if","locations":[{"start":{"line":6,"column":1236},"end":{"line":6,"column":1354}},{"start":{"line":6,"column":1236},"end":{"line":6,"column":1354}}],"line":6},"18":{"loc":{"start":{"line":6,"column":1252},"end":{"line":6,"column":1353}},"type":"cond-expr","locations":[{"start":{"line":6,"column":1276},"end":{"line":6,"column":1319}},{"start":{"line":6,"column":1322},"end":{"line":6,"column":1353}}],"line":6},"19":{"loc":{"start":{"line":9,"column":160},"end":{"line":9,"column":215}},"type":"binary-expr","locations":[{"start":{"line":9,"column":160},"end":{"line":9,"column":179}},{"start":{"line":9,"column":183},"end":{"line":9,"column":215}}],"line":9},"20":{"loc":{"start":{"line":36,"column":6},"end":{"line":38,"column":7}},"type":"if","locations":[{"start":{"line":36,"column":6},"end":{"line":38,"column":7}},{"start":{"line":36,"column":6},"end":{"line":38,"column":7}}],"line":36},"21":{"loc":{"start":{"line":62,"column":27},"end":{"line":62,"column":114}},"type":"cond-expr","locations":[{"start":{"line":62,"column":110},"end":{"line":62,"column":114}}],"line":62},"22":{"loc":{"start":{"line":67,"column":27},"end":{"line":67,"column":115}},"type":"cond-expr","locations":[{"start":{"line":67,"column":111},"end":{"line":67,"column":115}}],"line":67}},"s":{"0":2,"1":2,"2":2,"3":8,"4":8,"5":8,"6":8,"7":8,"8":8,"9":2,"10":2,"11":2,"12":2,"13":0,"14":2,"15":2,"16":2,"17":0,"18":0,"19":0,"20":0,"21":0,"22":0,"23":0,"24":8,"25":0,"26":0,"27":0,"28":0,"29":0,"30":2,"31":0,"32":2,"33":2,"34":2,"35":2,"36":2,"37":0,"38":2,"39":0,"40":0,"41":0,"42":0,"43":0,"44":0,"45":2,"46":2,"47":0,"48":2,"49":0},"f":{"0":2,"1":2,"2":2,"3":2,"4":8,"5":0,"6":0,"7":2,"8":2,"9":0,"10":0,"11":0,"12":0,"13":0,"14":0,"15":0,"16":0,"17":0,"18":0,"19":0,"20":0,"21":0,"22":0},"b":{"0":[8,8],"1":[8,0],"2":[2,0],"3":[0,2],"4":[2,0],"5":[2,2],"6":[0,0],"7":[0,0],"8":[4,4],"9":[8,8],"10":[0,0],"11":[0,0],"12":[0,0],"13":[0,0,0],"14":[0,2],"15":[2,0],"16":[2,2],"17":[2,0],"18":[2,0],"19":[0,0],"20":[0,0],"21":[0],"22":[0]},"_coverageSchema":"332fd63041d2c1bcb487cc26dd0d5f7d97098a6c","hash":"00d5b23720fc8bf495c55b4756cb0f0d74d78751"}
,"D:\\reactjs-course-project\\src\\app\\components\\Header\\Searchbox\\index.css": {"path":"D:\\reactjs-course-project\\src\\app\\components\\Header\\Searchbox\\index.css","statementMap":{},"fnMap":{},"branchMap":{},"s":{},"f":{},"b":{},"_coverageSchema":"332fd63041d2c1bcb487cc26dd0d5f7d97098a6c","hash":"0a9e70add995dd28d387765bce20b2f6f2a82de0"}
,"D:\\reactjs-course-project\\src\\app\\components\\Header\\Searchbox\\index.js": {"path":"D:\\reactjs-course-project\\src\\app\\components\\Header\\Searchbox\\index.js","statementMap":{"0":{"start":{"line":1,"column":39},"end":{"line":1,"column":101}},"1":{"start":{"line":1,"column":285},"end":{"line":1,"column":339}},"2":{"start":{"line":1,"column":340},"end":{"line":1,"column":378}}},"fnMap":{"0":{"name":"_interopRequireDefault","decl":{"start":{"line":1,"column":256},"end":{"line":1,"column":278}},"loc":{"start":{"line":1,"column":284},"end":{"line":1,"column":340}},"line":1}},"branchMap":{"0":{"loc":{"start":{"line":1,"column":292},"end":{"line":1,"column":338}},"type":"cond-expr","locations":[{"start":{"line":1,"column":316},"end":{"line":1,"column":319}},{"start":{"line":1,"column":322},"end":{"line":1,"column":338}}],"line":1},"1":{"loc":{"start":{"line":1,"column":292},"end":{"line":1,"column":313}},"type":"binary-expr","locations":[{"start":{"line":1,"column":292},"end":{"line":1,"column":295}},{"start":{"line":1,"column":299},"end":{"line":1,"column":313}}],"line":1}},"s":{"0":2,"1":2,"2":2},"f":{"0":2},"b":{"0":[2,0],"1":[2,2]},"_coverageSchema":"332fd63041d2c1bcb487cc26dd0d5f7d97098a6c","hash":"a0e6d1345b642f1b551cc725774adb757ca852cb"}
,"D:\\reactjs-course-project\\src\\app\\components\\Loader\\Loader.js": {"path":"D:\\reactjs-course-project\\src\\app\\components\\Loader\\Loader.js","statementMap":{"0":{"start":{"line":1,"column":39},"end":{"line":1,"column":101}},"1":{"start":{"line":2,"column":171},"end":{"line":2,"column":225}},"2":{"start":{"line":4,"column":13},"end":{"line":4,"column":228}}},"fnMap":{"0":{"name":"_interopRequireDefault","decl":{"start":{"line":2,"column":142},"end":{"line":2,"column":164}},"loc":{"start":{"line":2,"column":170},"end":{"line":2,"column":226}},"line":2},"1":{"name":"Loader","decl":{"start":{"line":4,"column":22},"end":{"line":4,"column":28}},"loc":{"start":{"line":4,"column":57},"end":{"line":4,"column":228}},"line":4}},"branchMap":{"0":{"loc":{"start":{"line":2,"column":178},"end":{"line":2,"column":224}},"type":"cond-expr","locations":[{"start":{"line":2,"column":202},"end":{"line":2,"column":205}},{"start":{"line":2,"column":208},"end":{"line":2,"column":224}}],"line":2},"1":{"loc":{"start":{"line":2,"column":178},"end":{"line":2,"column":199}},"type":"binary-expr","locations":[{"start":{"line":2,"column":178},"end":{"line":2,"column":181}},{"start":{"line":2,"column":185},"end":{"line":2,"column":199}}],"line":2}},"s":{"0":3,"1":6,"2":3},"f":{"0":6,"1":0},"b":{"0":[3,3],"1":[6,6]},"_coverageSchema":"332fd63041d2c1bcb487cc26dd0d5f7d97098a6c","hash":"ab079d8813899aa8f1df5a267c6fc41f2f061a92"}
,"D:\\reactjs-course-project\\src\\app\\components\\Loader\\index.js": {"path":"D:\\reactjs-course-project\\src\\app\\components\\Loader\\index.js","statementMap":{"0":{"start":{"line":1,"column":39},"end":{"line":1,"column":101}},"1":{"start":{"line":1,"column":115},"end":{"line":1,"column":134}},"2":{"start":{"line":1,"column":135},"end":{"line":1,"column":270}},"3":{"start":{"line":1,"column":218},"end":{"line":1,"column":265}}},"fnMap":{"0":{"name":"get","decl":{"start":{"line":1,"column":211},"end":{"line":1,"column":214}},"loc":{"start":{"line":1,"column":217},"end":{"line":1,"column":266}},"line":1}},"branchMap":{},"s":{"0":3,"1":3,"2":3,"3":7},"f":{"0":7},"b":{},"_coverageSchema":"332fd63041d2c1bcb487cc26dd0d5f7d97098a6c","hash":"28895ea5138c1590709b6a6aef64d658187653b4"}
,"D:\\reactjs-course-project\\src\\app\\components\\Logo\\Logo.js": {"path":"D:\\reactjs-course-project\\src\\app\\components\\Logo\\Logo.js","statementMap":{"0":{"start":{"line":1,"column":39},"end":{"line":1,"column":101}},"1":{"start":{"line":2,"column":172},"end":{"line":2,"column":226}},"2":{"start":{"line":4,"column":11},"end":{"line":6,"column":177}}},"fnMap":{"0":{"name":"_interopRequireDefault","decl":{"start":{"line":2,"column":143},"end":{"line":2,"column":165}},"loc":{"start":{"line":2,"column":171},"end":{"line":2,"column":227}},"line":2},"1":{"name":"Logo","decl":{"start":{"line":4,"column":20},"end":{"line":4,"column":24}},"loc":{"start":{"line":4,"column":53},"end":{"line":6,"column":177}},"line":4}},"branchMap":{"0":{"loc":{"start":{"line":2,"column":179},"end":{"line":2,"column":225}},"type":"cond-expr","locations":[{"start":{"line":2,"column":203},"end":{"line":2,"column":206}},{"start":{"line":2,"column":209},"end":{"line":2,"column":225}}],"line":2},"1":{"loc":{"start":{"line":2,"column":179},"end":{"line":2,"column":200}},"type":"binary-expr","locations":[{"start":{"line":2,"column":179},"end":{"line":2,"column":182}},{"start":{"line":2,"column":186},"end":{"line":2,"column":200}}],"line":2}},"s":{"0":2,"1":4,"2":2},"f":{"0":4,"1":0},"b":{"0":[0,4],"1":[4,4]},"_coverageSchema":"332fd63041d2c1bcb487cc26dd0d5f7d97098a6c","hash":"dbd892f5911b26344ec6aed05204c20c6031be2b"}
,"D:\\reactjs-course-project\\src\\app\\components\\Logo\\index.css": {"path":"D:\\reactjs-course-project\\src\\app\\components\\Logo\\index.css","statementMap":{},"fnMap":{},"branchMap":{},"s":{},"f":{},"b":{},"_coverageSchema":"332fd63041d2c1bcb487cc26dd0d5f7d97098a6c","hash":"6745336cca600e6e75168cea465e106dc7661014"}
,"D:\\reactjs-course-project\\src\\app\\components\\SearchResults\\SearchResults.js": {"path":"D:\\reactjs-course-project\\src\\app\\components\\SearchResults\\SearchResults.js","statementMap":{"0":{"start":{"line":1,"column":39},"end":{"line":1,"column":101}},"1":{"start":{"line":1,"column":120},"end":{"line":1,"column":649}},"2":{"start":{"line":1,"column":175},"end":{"line":1,"column":440}},"3":{"start":{"line":1,"column":232},"end":{"line":1,"column":240}},"4":{"start":{"line":1,"column":241},"end":{"line":1,"column":296}},"5":{"start":{"line":1,"column":296},"end":{"line":1,"column":327}},"6":{"start":{"line":1,"column":327},"end":{"line":1,"column":381}},"7":{"start":{"line":1,"column":354},"end":{"line":1,"column":381}},"8":{"start":{"line":1,"column":381},"end":{"line":1,"column":439}},"9":{"start":{"line":1,"column":441},"end":{"line":1,"column":646}},"10":{"start":{"line":1,"column":497},"end":{"line":1,"column":565}},"11":{"start":{"line":1,"column":513},"end":{"line":1,"column":565}},"12":{"start":{"line":1,"column":565},"end":{"line":1,"column":625}},"13":{"start":{"line":1,"column":582},"end":{"line":1,"column":625}},"14":{"start":{"line":1,"column":625},"end":{"line":1,"column":644}},"15":{"start":{"line":6,"column":196},"end":{"line":6,"column":250}},"16":{"start":{"line":6,"column":300},"end":{"line":6,"column":399}},"17":{"start":{"line":6,"column":341},"end":{"line":6,"column":398}},"18":{"start":{"line":6,"column":449},"end":{"line":6,"column":548}},"19":{"start":{"line":6,"column":461},"end":{"line":6,"column":547}},"20":{"start":{"line":6,"column":548},"end":{"line":6,"column":634}},"21":{"start":{"line":6,"column":677},"end":{"line":6,"column":840}},"22":{"start":{"line":6,"column":739},"end":{"line":6,"column":839}},"23":{"start":{"line":6,"column":840},"end":{"line":6,"column":1004}},"24":{"start":{"line":6,"column":1004},"end":{"line":6,"column":1122}},"25":{"start":{"line":6,"column":1020},"end":{"line":6,"column":1122}},"26":{"start":{"line":8,"column":16},"end":{"line":50,"column":50}},"27":{"start":{"line":8,"column":39},"end":{"line":8,"column":76}},"28":{"start":{"line":9,"column":122},"end":{"line":10,"column":12}},"29":{"start":{"line":11,"column":3},"end":{"line":50,"column":10}},"30":{"start":{"line":14,"column":6},"end":{"line":20,"column":9}},"31":{"start":{"line":15,"column":8},"end":{"line":17,"column":9}},"32":{"start":{"line":16,"column":10},"end":{"line":16,"column":19}},"33":{"start":{"line":19,"column":8},"end":{"line":19,"column":17}},"34":{"start":{"line":24,"column":6},"end":{"line":49,"column":7}},"35":{"start":{"line":25,"column":26},"end":{"line":25,"column":89}},"36":{"start":{"line":27,"column":8},"end":{"line":38,"column":149}},"37":{"start":{"line":44,"column":8},"end":{"line":46,"column":178}},"38":{"start":{"line":50,"column":10},"end":{"line":50,"column":31}},"39":{"start":{"line":53,"column":22},"end":{"line":58,"column":1}},"40":{"start":{"line":54,"column":2},"end":{"line":56,"column":41}},"41":{"start":{"line":60,"column":25},"end":{"line":64,"column":1}},"42":{"start":{"line":61,"column":2},"end":{"line":62,"column":178}}},"fnMap":{"0":{"name":"(anonymous_0)","decl":{"start":{"line":1,"column":120},"end":{"line":1,"column":121}},"loc":{"start":{"line":1,"column":132},"end":{"line":1,"column":647}},"line":1},"1":{"name":"defineProperties","decl":{"start":{"line":1,"column":142},"end":{"line":1,"column":158}},"loc":{"start":{"line":1,"column":174},"end":{"line":1,"column":441}},"line":1},"2":{"name":"(anonymous_2)","decl":{"start":{"line":1,"column":448},"end":{"line":1,"column":449}},"loc":{"start":{"line":1,"column":496},"end":{"line":1,"column":645}},"line":1},"3":{"name":"_interopRequireDefault","decl":{"start":{"line":6,"column":167},"end":{"line":6,"column":189}},"loc":{"start":{"line":6,"column":195},"end":{"line":6,"column":251}},"line":6},"4":{"name":"_classCallCheck","decl":{"start":{"line":6,"column":260},"end":{"line":6,"column":275}},"loc":{"start":{"line":6,"column":299},"end":{"line":6,"column":400}},"line":6},"5":{"name":"_possibleConstructorReturn","decl":{"start":{"line":6,"column":409},"end":{"line":6,"column":435}},"loc":{"start":{"line":6,"column":448},"end":{"line":6,"column":635}},"line":6},"6":{"name":"_inherits","de
[...]
,"D:\\reactjs-course-project\\src\\app\\components\\SearchResults\\SearchResult\\index.js": {"path":"D:\\reactjs-course-project\\src\\app\\components\\SearchResults\\SearchResult\\index.js","statementMap":{"0":{"start":{"line":1,"column":39},"end":{"line":1,"column":101}},"1":{"start":{"line":1,"column":297},"end":{"line":1,"column":351}},"2":{"start":{"line":1,"column":352},"end":{"line":1,"column":393}}},"fnMap":{"0":{"name":"_interopRequireDefault","decl":{"start":{"line":1,"column":268},"end":{"line":1,"column":290}},"loc":{"start":{"line":1,"column":296},"end":{"line":1,"column":352}},"line":1}},"branchMap":{"0":{"loc":{"start":{"line":1,"column":304},"end":{"line":1,"column":350}},"type":"cond-expr","locations":[{"start":{"line":1,"column":328},"end":{"line":1,"column":331}},{"start":{"line":1,"column":334},"end":{"line":1,"column":350}}],"line":1},"1":{"loc":{"start":{"line":1,"column":304},"end":{"line":1,"column":325}},"type":"binary-expr","locations":[{"start":{"line":1,"column":304},"end":{"line":1,"column":307}},{"start":{"line":1,"column":311},"end":{"line":1,"column":325}}],"line":1}},"s":{"0":1,"1":1,"2":1},"f":{"0":1},"b":{"0":[1,0],"1":[1,1]},"_coverageSchema":"332fd63041d2c1bcb487cc26dd0d5f7d97098a6c","hash":"62cb294942aaccf0985d3a023e4a4ebd8abe4788"}
,"D:\\reactjs-course-project\\src\\app\\components\\SearchResults\\SearchResult\\Brief\\Brief.js": {"path":"D:\\reactjs-course-project\\src\\app\\components\\SearchResults\\SearchResult\\Brief\\Brief.js","statementMap":{"0":{"start":{"line":1,"column":39},"end":{"line":1,"column":101}},"1":{"start":{"line":2,"column":172},"end":{"line":2,"column":226}},"2":{"start":{"line":4,"column":12},"end":{"line":10,"column":202}}},"fnMap":{"0":{"name":"_interopRequireDefault","decl":{"start":{"line":2,"column":143},"end":{"line":2,"column":165}},"loc":{"start":{"line":2,"column":171},"end":{"line":2,"column":227}},"line":2},"1":{"name":"Brief","decl":{"start":{"line":4,"column":21},"end":{"line":4,"column":26}},"loc":{"start":{"line":4,"column":60},"end":{"line":10,"column":202}},"line":4}},"branchMap":{"0":{"loc":{"start":{"line":2,"column":179},"end":{"line":2,"column":225}},"type":"cond-expr","locations":[{"start":{"line":2,"column":203},"end":{"line":2,"column":206}},{"start":{"line":2,"column":209},"end":{"line":2,"column":225}}],"line":2},"1":{"loc":{"start":{"line":2,"column":179},"end":{"line":2,"column":200}},"type":"binary-expr","locations":[{"start":{"line":2,"column":179},"end":{"line":2,"column":182}},{"start":{"line":2,"column":186},"end":{"line":2,"column":200}}],"line":2}},"s":{"0":1,"1":2,"2":1},"f":{"0":2,"1":0},"b":{"0":[0,2],"1":[2,2]},"_coverageSchema":"332fd63041d2c1bcb487cc26dd0d5f7d97098a6c","hash":"35a6d081fd92c09e3cfde5985ed72aa3a920d6ed"}
,"D:\\reactjs-course-project\\src\\app\\components\\SearchResults\\SearchResult\\Brief\\index.css": {"path":"D:\\reactjs-course-project\\src\\app\\components\\SearchResults\\SearchResult\\Brief\\index.css","statementMap":{},"fnMap":{},"branchMap":{},"s":{},"f":{},"b":{},"_coverageSchema":"332fd63041d2c1bcb487cc26dd0d5f7d97098a6c","hash":"fa00033653aec4167629d304834abd73def3e27d"}
,"D:\\reactjs-course-project\\src\\app\\components\\SearchResults\\SearchResult\\Brief\\index.js": {"path":"D:\\reactjs-course-project\\src\\app\\components\\SearchResults\\SearchResult\\Brief\\index.js","statementMap":{"0":{"start":{"line":1,"column":39},"end":{"line":1,"column":101}},"1":{"start":{"line":1,"column":269},"end":{"line":1,"column":323}},"2":{"start":{"line":1,"column":324},"end":{"line":1,"column":358}}},"fnMap":{"0":{"name":"_interopRequireDefault","decl":{"start":{"line":1,"column":240},"end":{"line":1,"column":262}},"loc":{"start":{"line":1,"column":268},"end":{"line":1,"column":324}},"line":1}},"branchMap":{"0":{"loc":{"start":{"line":1,"column":276},"end":{"line":1,"column":322}},"type":"cond-expr","locations":[{"start":{"line":1,"column":300},"end":{"line":1,"column":303}},{"start":{"line":1,"column":306},"end":{"line":1,"column":322}}],"line":1},"1":{"loc":{"start":{"line":1,"column":276},"end":{"line":1,"column":297}},"type":"binary-expr","locations":[{"start":{"line":1,"column":276},"end":{"line":1,"column":279}},{"start":{"line":1,"column":283},"end":{"line":1,"column":297}}],"line":1}},"s":{"0":6,"1":6,"2":6},"f":{"0":6},"b":{"0":[6,0],"1":[6,6]},"_coverageSchema":"332fd63041d2c1bcb487cc26dd0d5f7d97098a6c","hash":"d05b4b3b0a5a26a1d5724956b171f5bc9d3c2b5a"}
,"D:\\reactjs-course-project\\src\\app\\components\\SearchResults\\SearchResult\\Poster\\Poster.js": {"path":"D:\\reactjs-course-project\\src\\app\\components\\SearchResults\\SearchResult\\Poster\\Poster.js","statementMap":{"0":{"start":{"line":1,"column":39},"end":{"line":1,"column":101}},"1":{"start":{"line":2,"column":172},"end":{"line":2,"column":226}},"2":{"start":{"line":4,"column":13},"end":{"line":6,"column":161}}},"fnMap":{"0":{"name":"_interopRequireDefault","decl":{"start":{"line":2,"column":143},"end":{"line":2,"column":165}},"loc":{"start":{"line":2,"column":171},"end":{"line":2,"column":227}},"line":2},"1":{"name":"Poster","decl":{"start":{"line":4,"column":22},"end":{"line":4,"column":28}},"loc":{"start":{"line":4,"column":62},"end":{"line":6,"column":161}},"line":4}},"branchMap":{"0":{"loc":{"start":{"line":2,"column":179},"end":{"line":2,"column":225}},"type":"cond-expr","locations":[{"start":{"line":2,"column":203},"end":{"line":2,"column":206}},{"start":{"line":2,"column":209},"end":{"line":2,"column":225}}],"line":2},"1":{"loc":{"start":{"line":2,"column":179},"end":{"line":2,"column":200}},"type":"binary-expr","locations":[{"start":{"line":2,"column":179},"end":{"line":2,"column":182}},{"start":{"line":2,"column":186},"end":{"line":2,"column":200}}],"line":2}},"s":{"0":1,"1":2,"2":1},"f":{"0":2,"1":0},"b":{"0":[0,2],"1":[2,2]},"_coverageSchema":"332fd63041d2c1bcb487cc26dd0d5f7d97098a6c","hash":"4437a906a077e4338ca6509d527ef842565131ac"}
,"D:\\reactjs-course-project\\src\\app\\components\\SearchResults\\SearchResult\\Poster\\index.css": {"path":"D:\\reactjs-course-project\\src\\app\\components\\SearchResults\\SearchResult\\Poster\\index.css","statementMap":{},"fnMap":{},"branchMap":{},"s":{},"f":{},"b":{},"_coverageSchema":"332fd63041d2c1bcb487cc26dd0d5f7d97098a6c","hash":"aea010e5abfeac76c2f7efa72f2e222b7a04d8d1"}
,"D:\\reactjs-course-project\\src\\app\\components\\SearchResults\\SearchResult\\Poster\\index.js": {"path":"D:\\reactjs-course-project\\src\\app\\components\\SearchResults\\SearchResult\\Poster\\index.js","statementMap":{"0":{"start":{"line":1,"column":39},"end":{"line":1,"column":101}},"1":{"start":{"line":1,"column":273},"end":{"line":1,"column":327}},"2":{"start":{"line":1,"column":328},"end":{"line":1,"column":363}}},"fnMap":{"0":{"name":"_interopRequireDefault","decl":{"start":{"line":1,"column":244},"end":{"line":1,"column":266}},"loc":{"start":{"line":1,"column":272},"end":{"line":1,"column":328}},"line":1}},"branchMap":{"0":{"loc":{"start":{"line":1,"column":280},"end":{"line":1,"column":326}},"type":"cond-expr","locations":[{"start":{"line":1,"column":304},"end":{"line":1,"column":307}},{"start":{"line":1,"column":310},"end":{"line":1,"column":326}}],"line":1},"1":{"loc":{"start":{"line":1,"column":280},"end":{"line":1,"column":301}},"type":"binary-expr","locations":[{"start":{"line":1,"column":280},"end":{"line":1,"column":283}},{"start":{"line":1,"column":287},"end":{"line":1,"column":301}}],"line":1}},"s":{"0":1,"1":1,"2":1},"f":{"0":1},"b":{"0":[1,0],"1":[1,1]},"_coverageSchema":"332fd63041d2c1bcb487cc26dd0d5f7d97098a6c","hash":"8b4d1893f63d33ce7dcac7bb08e88b4b3017a1d9"}
,"D:\\reactjs-course-project\\src\\app\\components\\UI\\Button\\Button.js": {"path":"D:\\reactjs-course-project\\src\\app\\components\\UI\\Button\\Button.js","statementMap":{"0":{"start":{"line":1,"column":39},"end":{"line":1,"column":101}},"1":{"start":{"line":2,"column":172},"end":{"line":2,"column":226}},"2":{"start":{"line":4,"column":13},"end":{"line":4,"column":260}}},"fnMap":{"0":{"name":"_interopRequireDefault","decl":{"start":{"line":2,"column":143},"end":{"line":2,"column":165}},"loc":{"start":{"line":2,"column":171},"end":{"line":2,"column":227}},"line":2},"1":{"name":"Button","decl":{"start":{"line":4,"column":22},"end":{"line":4,"column":28}},"loc":{"start":{"line":4,"column":62},"end":{"line":4,"column":260}},"line":4}},"branchMap":{"0":{"loc":{"start":{"line":2,"column":179},"end":{"line":2,"column":225}},"type":"cond-expr","locations":[{"start":{"line":2,"column":203},"end":{"line":2,"column":206}},{"start":{"line":2,"column":209},"end":{"line":2,"column":225}}],"line":2},"1":{"loc":{"start":{"line":2,"column":179},"end":{"line":2,"column":200}},"type":"binary-expr","locations":[{"start":{"line":2,"column":179},"end":{"line":2,"column":182}},{"start":{"line":2,"column":186},"end":{"line":2,"column":200}}],"line":2}},"s":{"0":2,"1":4,"2":2},"f":{"0":4,"1":0},"b":{"0":[0,4],"1":[4,4]},"_coverageSchema":"332fd63041d2c1bcb487cc26dd0d5f7d97098a6c","hash":"764f133d150580664301a27a7b7b15ac1f5fedd9"}
,"D:\\reactjs-course-project\\src\\app\\components\\UI\\Button\\index.css": {"path":"D:\\reactjs-course-project\\src\\app\\components\\UI\\Button\\index.css","statementMap":{},"fnMap":{},"branchMap":{},"s":{},"f":{},"b":{},"_coverageSchema":"332fd63041d2c1bcb487cc26dd0d5f7d97098a6c","hash":"f937ebd5413158244d872236f634342848cc6957"}
,"D:\\reactjs-course-project\\src\\app\\components\\UI\\Input\\Input.js": {"path":"D:\\reactjs-course-project\\src\\app\\components\\UI\\Input\\Input.js","statementMap":{"0":{"start":{"line":1,"column":39},"end":{"line":1,"column":101}},"1":{"start":{"line":2,"column":172},"end":{"line":2,"column":226}},"2":{"start":{"line":4,"column":12},"end":{"line":14,"column":1}},"3":{"start":{"line":5,"column":2},"end":{"line":11,"column":41}}},"fnMap":{"0":{"name":"_interopRequireDefault","decl":{"start":{"line":2,"column":143},"end":{"line":2,"column":165}},"loc":{"start":{"line":2,"column":171},"end":{"line":2,"column":227}},"line":2},"1":{"name":"Input","decl":{"start":{"line":4,"column":21},"end":{"line":4,"column":26}},"loc":{"start":{"line":4,"column":34},"end":{"line":14,"column":1}},"line":4},"2":{"name":"onChange","decl":{"start":{"line":8,"column":51},"end":{"line":8,"column":59}},"loc":{"start":{"line":8,"column":89},"end":{"line":8,"column":115}},"line":8},"3":{"name":"onKeyUp","decl":{"start":{"line":9,"column":50},"end":{"line":9,"column":57}},"loc":{"start":{"line":9,"column":87},"end":{"line":9,"column":117}},"line":9}},"branchMap":{"0":{"loc":{"start":{"line":2,"column":179},"end":{"line":2,"column":225}},"type":"cond-expr","locations":[{"start":{"line":2,"column":203},"end":{"line":2,"column":206}},{"start":{"line":2,"column":209},"end":{"line":2,"column":225}}],"line":2},"1":{"loc":{"start":{"line":2,"column":179},"end":{"line":2,"column":200}},"type":"binary-expr","locations":[{"start":{"line":2,"column":179},"end":{"line":2,"column":182}},{"start":{"line":2,"column":186},"end":{"line":2,"column":200}}],"line":2}},"s":{"0":3,"1":6,"2":3,"3":3},"f":{"0":6,"1":3,"2":1,"3":1},"b":{"0":[0,6],"1":[6,6]},"_coverageSchema":"332fd63041d2c1bcb487cc26dd0d5f7d97098a6c","hash":"aef460eb488ef1acc06044d21ca3455557a3a90f"}
,"D:\\reactjs-course-project\\src\\app\\components\\UI\\Input\\index.css": {"path":"D:\\reactjs-course-project\\src\\app\\components\\UI\\Input\\index.css","statementMap":{},"fnMap":{},"branchMap":{},"s":{},"f":{},"b":{},"_coverageSchema":"332fd63041d2c1bcb487cc26dd0d5f7d97098a6c","hash":"04f5c1fc03f0327aaff69a7cc11211ad0f711da2"}
,"D:\\reactjs-course-project\\src\\app\\containers\\Main\\Main.js": {"path":"D:\\reactjs-course-project\\src\\app\\containers\\Main\\Main.js","statementMap":{"0":{"start":{"line":1,"column":39},"end":{"line":1,"column":101}},"1":{"start":{"line":1,"column":101},"end":{"line":1,"column":126}},"2":{"start":{"line":4,"column":172},"end":{"line":4,"column":226}},"3":{"start":{"line":6,"column":37},"end":{"line":20,"column":1}},"4":{"start":{"line":7,"column":50},"end":{"line":7,"column":56}},"5":{"start":{"line":9,"column":2},"end":{"line":13,"column":3}},"6":{"start":{"line":10,"column":4},"end":{"line":10,"column":162}},"7":{"start":{"line":12,"column":4},"end":{"line":12,"column":188}},"8":{"start":{"line":15,"column":2},"end":{"line":17,"column":24}},"9":{"start":{"line":22,"column":22},"end":{"line":26,"column":1}},"10":{"start":{"line":23,"column":2},"end":{"line":24,"column":39}}},"fnMap":{"0":{"name":"_interopRequireDefault","decl":{"start":{"line":4,"column":143},"end":{"line":4,"column":165}},"loc":{"start":{"line":4,"column":171},"end":{"line":4,"column":227}},"line":4},"1":{"name":"Main","decl":{"start":{"line":6,"column":61},"end":{"line":6,"column":65}},"loc":{"start":{"line":6,"column":73},"end":{"line":20,"column":1}},"line":6},"2":{"name":"mapStateToProps","decl":{"start":{"line":22,"column":31},"end":{"line":22,"column":46}},"loc":{"start":{"line":22,"column":54},"end":{"line":26,"column":1}},"line":22}},"branchMap":{"0":{"loc":{"start":{"line":4,"column":179},"end":{"line":4,"column":225}},"type":"cond-expr","locations":[{"start":{"line":4,"column":203},"end":{"line":4,"column":206}},{"start":{"line":4,"column":209},"end":{"line":4,"column":225}}],"line":4},"1":{"loc":{"start":{"line":4,"column":179},"end":{"line":4,"column":200}},"type":"binary-expr","locations":[{"start":{"line":4,"column":179},"end":{"line":4,"column":182}},{"start":{"line":4,"column":186},"end":{"line":4,"column":200}}],"line":4},"2":{"loc":{"start":{"line":9,"column":2},"end":{"line":13,"column":3}},"type":"if","locations":[{"start":{"line":9,"column":2},"end":{"line":13,"column":3}},{"start":{"line":9,"column":2},"end":{"line":13,"column":3}}],"line":9}},"s":{"0":1,"1":1,"2":3,"3":1,"4":0,"5":0,"6":0,"7":0,"8":0,"9":1,"10":0},"f":{"0":3,"1":0,"2":0},"b":{"0":[1,2],"1":[3,3],"2":[0,0]},"_coverageSchema":"332fd63041d2c1bcb487cc26dd0d5f7d97098a6c","hash":"e7befa5594dcac28eae6414e33c8ad49a0e30520"}
,"D:\\reactjs-course-project\\src\\app\\containers\\Main\\index.css": {"path":"D:\\reactjs-course-project\\src\\app\\containers\\Main\\index.css","statementMap":{},"fnMap":{},"branchMap":{},"s":{},"f":{},"b":{},"_coverageSchema":"332fd63041d2c1bcb487cc26dd0d5f7d97098a6c","hash":"914bcc4120f303cc48d63102ee5b822415e2f8d2"}
,"D:\\reactjs-course-project\\src\\app\\containers\\Main\\index.js": {"path":"D:\\reactjs-course-project\\src\\app\\containers\\Main\\index.js","statementMap":{"0":{"start":{"line":1,"column":39},"end":{"line":1,"column":101}},"1":{"start":{"line":1,"column":265},"end":{"line":1,"column":319}},"2":{"start":{"line":1,"column":320},"end":{"line":1,"column":353}}},"fnMap":{"0":{"name":"_interopRequireDefault","decl":{"start":{"line":1,"column":236},"end":{"line":1,"column":258}},"loc":{"start":{"line":1,"column":264},"end":{"line":1,"column":320}},"line":1}},"branchMap":{"0":{"loc":{"start":{"line":1,"column":272},"end":{"line":1,"column":318}},"type":"cond-expr","locations":[{"start":{"line":1,"column":296},"end":{"line":1,"column":299}},{"start":{"line":1,"column":302},"end":{"line":1,"column":318}}],"line":1},"1":{"loc":{"start":{"line":1,"column":272},"end":{"line":1,"column":293}},"type":"binary-expr","locations":[{"start":{"line":1,"column":272},"end":{"line":1,"column":275}},{"start":{"line":1,"column":279},"end":{"line":1,"column":293}}],"line":1}},"s":{"0":1,"1":1,"2":1},"f":{"0":1},"b":{"0":[1,0],"1":[1,1]},"_coverageSchema":"332fd63041d2c1bcb487cc26dd0d5f7d97098a6c","hash":"4675da7a0e2973b7beef2af9d2d9d8234fab6bc4"}
,"D:\\reactjs-course-project\\src\\app\\store\\actions\\actionCreators.js": {"path":"D:\\reactjs-course-project\\src\\app\\store\\actions\\actionCreators.js","statementMap":{"0":{"start":{"line":1,"column":39},"end":{"line":1,"column":101}},"1":{"start":{"line":1,"column":101},"end":{"line":1,"column":274}},"2":{"start":{"line":3,"column":43},"end":{"line":8,"column":1}},"3":{"start":{"line":4,"column":2},"end":{"line":6,"column":19}},"4":{"start":{"line":10,"column":45},"end":{"line":15,"column":1}},"5":{"start":{"line":11,"column":2},"end":{"line":13,"column":21}},"6":{"start":{"line":18,"column":50},"end":{"line":23,"column":1}},"7":{"start":{"line":19,"column":2},"end":{"line":21,"column":25}},"8":{"start":{"line":25,"column":43},"end":{"line":30,"column":1}},"9":{"start":{"line":26,"column":2},"end":{"line":28,"column":21}},"10":{"start":{"line":32,"column":44},"end":{"line":37,"column":1}},"11":{"start":{"line":33,"column":2},"end":{"line":35,"column":29}},"12":{"start":{"line":39,"column":50},"end":{"line":43,"column":1}},"13":{"start":{"line":40,"column":2},"end":{"line":41,"column":44}},"14":{"start":{"line":45,"column":42},"end":{"line":50,"column":1}},"15":{"start":{"line":46,"column":2},"end":{"line":48,"column":35}}},"fnMap":{"0":{"name":"execSearch","decl":{"start":{"line":3,"column":73},"end":{"line":3,"column":83}},"loc":{"start":{"line":3,"column":91},"end":{"line":8,"column":1}},"line":3},"1":{"name":"changeFilter","decl":{"start":{"line":10,"column":77},"end":{"line":10,"column":89}},"loc":{"start":{"line":10,"column":98},"end":{"line":15,"column":1}},"line":10},"2":{"name":"storeFetchedFilms","decl":{"start":{"line":18,"column":87},"end":{"line":18,"column":104}},"loc":{"start":{"line":18,"column":115},"end":{"line":23,"column":1}},"line":18},"3":{"name":"selectFilm","decl":{"start":{"line":25,"column":73},"end":{"line":25,"column":83}},"loc":{"start":{"line":25,"column":92},"end":{"line":30,"column":1}},"line":25},"4":{"name":"searchFilms","decl":{"start":{"line":32,"column":75},"end":{"line":32,"column":86}},"loc":{"start":{"line":32,"column":99},"end":{"line":37,"column":1}},"line":32},"5":{"name":"returnToSearchbox","decl":{"start":{"line":39,"column":87},"end":{"line":39,"column":104}},"loc":{"start":{"line":39,"column":107},"end":{"line":43,"column":1}},"line":39},"6":{"name":"sortFilms","decl":{"start":{"line":45,"column":71},"end":{"line":45,"column":80}},"loc":{"start":{"line":45,"column":96},"end":{"line":50,"column":1}},"line":45}},"branchMap":{},"s":{"0":4,"1":4,"2":4,"3":0,"4":4,"5":0,"6":4,"7":1,"8":4,"9":0,"10":4,"11":0,"12":4,"13":1,"14":4,"15":0},"f":{"0":0,"1":0,"2":1,"3":0,"4":0,"5":1,"6":0},"b":{},"_coverageSchema":"332fd63041d2c1bcb487cc26dd0d5f7d97098a6c","hash":"d8e71618f0ed38339aafeb8d04dc7dbf5644bc3c"}
,"D:\\reactjs-course-project\\src\\app\\store\\actions\\actionTypes.js": {"path":"D:\\reactjs-course-project\\src\\app\\store\\actions\\actionTypes.js","statementMap":{"0":{"start":{"line":1,"column":39},"end":{"line":1,"column":101}},"1":{"start":{"line":1,"column":145},"end":{"line":1,"column":180}},"2":{"start":{"line":2,"column":46},"end":{"line":2,"column":85}},"3":{"start":{"line":3,"column":52},"end":{"line":3,"column":103}},"4":{"start":{"line":4,"column":44},"end":{"line":4,"column":79}},"5":{"start":{"line":5,"column":45},"end":{"line":5,"column":82}},"6":{"start":{"line":6,"column":52},"end":{"line":6,"column":103}},"7":{"start":{"line":7,"column":43},"end":{"line":7,"column":76}}},"fnMap":{},"branchMap":{},"s":{"0":4,"1":4,"2":4,"3":4,"4":4,"5":4,"6":4,"7":4},"f":{},"b":{},"_coverageSchema":"332fd63041d2c1bcb487cc26dd0d5f7d97098a6c","hash":"20267ef90112372c498757565f7a28c5642e2e57"}
,"D:\\reactjs-course-project\\src\\app\\store\\actions\\index.js": {"path":"D:\\reactjs-course-project\\src\\app\\store\\actions\\index.js","statementMap":{"0":{"start":{"line":1,"column":39},"end":{"line":1,"column":101}},"1":{"start":{"line":1,"column":123},"end":{"line":1,"column":150}}},"fnMap":{},"branchMap":{},"s":{"0":4,"1":4},"f":{},"b":{},"_coverageSchema":"332fd63041d2c1bcb487cc26dd0d5f7d97098a6c","hash":"754ade4df5811c45b0003894091c338c25812264"}
}
