TN:
SF:D:\reactjs-course-project\jest\config.js
FN:2,_interopRequireDefault
FNF:1
FNH:1
FNDA:7,_interopRequireDefault
DA:2,7
LF:1
LH:1
BRDA:2,0,0,0
BRDA:2,0,1,7
BRDA:2,1,0,7
BRDA:2,1,1,7
BRF:4
BRH:3
end_of_record
TN:
SF:D:\reactjs-course-project\src\app\App\App.js
FN:1,(anonymous_0)
FN:1,defineProperties
FN:1,(anonymous_2)
FN:9,_interopRequireWildcard
FN:9,_interopRequireDefault
FN:9,_classCallCheck
FN:9,_possibleConstructorReturn
FN:9,_inherits
FN:11,(anonymous_8)
FN:11,App
FN:11,componentDidMount
FN:15,render
FN:34,mapDispatchToProps
FN:36,storeFetchedFilms
FNF:14
FNH:14
FNDA:1,(anonymous_0)
FNDA:1,defineProperties
FNDA:1,(anonymous_2)
FNDA:1,_interopRequireWildcard
FNDA:7,_interopRequireDefault
FNDA:5,_classCallCheck
FNDA:5,_possibleConstructorReturn
FNDA:1,_inherits
FNDA:1,(anonymous_8)
FNDA:5,App
FNDA:5,componentDidMount
FNDA:5,render
FNDA:1,mapDispatchToProps
FNDA:1,storeFetchedFilms
DA:1,2
DA:9,7
DA:11,5
DA:18,5
DA:31,1
DA:34,1
DA:35,1
LF:7
LH:7
BRDA:1,0,0,2
BRDA:1,0,1,2
BRDA:1,1,0,2
BRDA:1,1,1,0
BRDA:1,2,0,1
BRDA:1,2,1,0
BRDA:1,3,0,0
BRDA:1,3,1,1
BRDA:9,4,0,1
BRDA:9,4,1,0
BRDA:9,5,0,1
BRDA:9,5,1,1
BRDA:9,6,0,0
BRDA:9,6,1,0
BRDA:9,7,0,0
BRDA:9,7,1,0
BRDA:9,8,0,4
BRDA:9,8,1,3
BRDA:9,9,0,7
BRDA:9,9,1,7
BRDA:9,10,0,0
BRDA:9,10,1,5
BRDA:9,11,0,0
BRDA:9,11,1,5
BRDA:9,12,0,0
BRDA:9,12,1,5
BRDA:9,13,0,5
BRDA:9,13,1,0
BRDA:9,13,2,0
BRDA:9,14,0,0
BRDA:9,14,1,1
BRDA:9,15,0,1
BRDA:9,15,1,0
BRDA:9,16,0,1
BRDA:9,16,1,1
BRDA:9,17,0,1
BRDA:9,17,1,0
BRDA:9,18,0,1
BRDA:9,18,1,0
BRDA:11,19,0,5
BRDA:11,19,1,0
BRF:41
BRH:23
end_of_record
TN:
SF:D:\reactjs-course-project\src\app\App\index.css
FNF:0
FNH:0
LF:0
LH:0
BRF:0
BRH:0
end_of_record
TN:
SF:D:\reactjs-course-project\src\app\auxilliary\ErrorBoundary\ErrorBoundary.js
FN:1,(anonymous_0)
FN:1,defineProperties
FN:1,(anonymous_2)
FN:1,_interopRequireDefault
FN:1,_classCallCheck
FN:1,_possibleConstructorReturn
FN:1,_inherits
FN:3,(anonymous_7)
FN:4,ErrorBoundary
FN:9,componentDidCatch
FN:13,render
FNF:11
FNH:11
FNDA:2,(anonymous_0)
FNDA:2,defineProperties
FNDA:2,(anonymous_2)
FNDA:2,_interopRequireDefault
FNDA:1,_classCallCheck
FNDA:1,_possibleConstructorReturn
FNDA:2,_inherits
FNDA:2,(anonymous_7)
FNDA:1,ErrorBoundary
FNDA:1,componentDidCatch
FNDA:2,render
DA:1,4
DA:3,2
DA:4,1
DA:9,2
DA:12,1
DA:16,2
DA:17,1
DA:20,1
DA:21,2
LF:9
LH:9
BRDA:1,0,0,4
BRDA:1,0,1,4
BRDA:1,1,0,4
BRDA:1,1,1,0
BRDA:1,2,0,2
BRDA:1,2,1,0
BRDA:1,3,0,0
BRDA:1,3,1,2
BRDA:1,4,0,0
BRDA:1,4,1,2
BRDA:1,5,0,2
BRDA:1,5,1,2
BRDA:1,6,0,0
BRDA:1,6,1,1
BRDA:1,7,0,0
BRDA:1,7,1,1
BRDA:1,8,0,0
BRDA:1,8,1,1
BRDA:1,9,0,1
BRDA:1,9,1,0
BRDA:1,9,2,0
BRDA:1,10,0,0
BRDA:1,10,1,2
BRDA:1,11,0,2
BRDA:1,11,1,0
BRDA:1,12,0,2
BRDA:1,12,1,2
BRDA:1,13,0,2
BRDA:1,13,1,0
BRDA:1,14,0,2
BRDA:1,14,1,0
BRDA:4,15,0,1
BRDA:4,15,1,0
BRDA:16,16,0,1
BRDA:16,16,1,1
BRF:35
BRH:21
end_of_record
TN:
SF:D:\reactjs-course-project\src\app\auxilliary\ErrorBoundary\index.js
FN:1,_interopRequireDefault
FNF:1
FNH:1
FNDA:1,_interopRequireDefault
DA:1,1
LF:1
LH:1
BRDA:1,0,0,1
BRDA:1,0,1,0
BRDA:1,1,0,1
BRDA:1,1,1,1
BRF:4
BRH:3
end_of_record
TN:
SF:D:\reactjs-course-project\src\app\components\Footer\Footer.js
FN:3,_interopRequireDefault
FN:5,Footer
FNF:2
FNH:1
FNDA:3,_interopRequireDefault
FNDA:0,Footer
DA:1,1
DA:3,3
DA:5,1
LF:3
LH:3
BRDA:3,0,0,1
BRDA:3,0,1,2
BRDA:3,1,0,3
BRDA:3,1,1,3
BRF:4
BRH:4
end_of_record
TN:
SF:D:\reactjs-course-project\src\app\components\Footer\index.css
FNF:0
FNH:0
LF:0
LH:0
BRF:0
BRH:0
end_of_record
TN:
SF:D:\reactjs-course-project\src\app\components\Footer\index.js
FN:1,_interopRequireDefault
FNF:1
FNH:1
FNDA:1,_interopRequireDefault
DA:1,1
LF:1
LH:1
BRDA:1,0,0,1
BRDA:1,0,1,0
BRDA:1,1,0,1
BRDA:1,1,1,1
BRF:4
BRH:3
end_of_record
TN:
SF:D:\reactjs-course-project\src\app\components\Header\Header.js
FN:7,_interopRequireDefault
FN:9,Header
FN:30,mapStateToProps
FNF:3
FNH:3
FNDA:12,_interopRequireDefault
FNDA:8,Header
FNDA:2,mapStateToProps
DA:1,2
DA:7,12
DA:9,2
DA:10,8
DA:11,8
DA:12,7
DA:14,1
DA:17,8
DA:30,2
DA:31,2
LF:10
LH:10
BRDA:7,0,0,8
BRDA:7,0,1,4
BRDA:7,1,0,12
BRDA:7,1,1,12
BRDA:11,2,0,7
BRDA:11,2,1,1
BRDA:24,3,0,8
BRDA:24,3,1,8
BRF:8
BRH:8
end_of_record
TN:
SF:D:\reactjs-course-project\src\app\components\Header\index.css
FNF:0
FNH:0
LF:0
LH:0
BRF:0
BRH:0
end_of_record
TN:
SF:D:\reactjs-course-project\src\app\components\Header\index.js
FN:1,_interopRequireDefault
FNF:1
FNH:1
FNDA:1,_interopRequireDefault
DA:1,1
LF:1
LH:1
BRDA:1,0,0,1
BRDA:1,0,1,0
BRDA:1,1,0,1
BRDA:1,1,1,1
BRF:4
BRH:3
end_of_record
TN:
SF:D:\reactjs-course-project\src\app\components\Header\FilmDescription\FilmDescription.js
FN:6,_interopRequireDefault
FN:8,FilmDescription
FN:22,mapStateToProps
FN:28,mapDispatchToProps
FN:30,returnToSearchbox
FNF:5
FNH:5
FNDA:12,_interopRequireDefault
FNDA:7,FilmDescription
FNDA:1,mapStateToProps
FNDA:1,mapDispatchToProps
FNDA:1,returnToSearchbox
DA:1,3
DA:6,12
DA:8,3
DA:20,3
DA:22,3
DA:23,1
DA:28,3
DA:29,1
LF:8
LH:8
BRDA:6,0,0,6
BRDA:6,0,1,6
BRDA:6,1,0,12
BRDA:6,1,1,12
BRF:4
BRH:4
end_of_record
TN:
SF:D:\reactjs-course-project\src\app\components\Header\FilmDescription\index.css
FNF:0
FNH:0
LF:0
LH:0
BRF:0
BRH:0
end_of_record
TN:
SF:D:\reactjs-course-project\src\app\components\Header\FilmDescription\index.js
FN:1,_interopRequireDefault
FNF:1
FNH:1
FNDA:2,_interopRequireDefault
DA:1,2
LF:1
LH:1
BRDA:1,0,0,2
BRDA:1,0,1,0
BRDA:1,1,0,2
BRDA:1,1,1,2
BRF:4
BRH:3
end_of_record
TN:
SF:D:\reactjs-course-project\src\app\components\Header\FilmDescription\CurrentFilm\CurrentFilm.js
FN:6,_interopRequireDefault
FN:8,CurrentFilm
FN:11,(anonymous_2)
FN:34,mapStateToProps
FNF:4
FNH:4
FNDA:16,_interopRequireDefault
FNDA:4,CurrentFilm
FNDA:8,(anonymous_2)
FNDA:2,mapStateToProps
DA:1,4
DA:6,16
DA:8,4
DA:9,4
DA:10,4
DA:12,4
DA:31,0
DA:34,4
DA:35,2
LF:9
LH:8
BRDA:6,0,0,8
BRDA:6,0,1,8
BRDA:6,1,0,16
BRDA:6,1,1,16
BRDA:9,2,0,4
BRDA:9,2,1,0
BRF:6
BRH:5
end_of_record
TN:
SF:D:\reactjs-course-project\src\app\components\Header\FilmDescription\CurrentFilm\index.js
FN:1,get
FNF:1
FNH:1
FNDA:2,get
DA:1,3
LF:1
LH:1
BRF:0
BRH:0
end_of_record
TN:
SF:D:\reactjs-course-project\src\app\components\Header\FilmDescription\FilmData\FilmData.js
FN:4,_interopRequireDefault
FN:6,FilmData
FNF:2
FNH:2
FNDA:20,_interopRequireDefault
FNDA:2,FilmData
DA:1,5
DA:4,20
DA:6,5
DA:9,2
LF:4
LH:4
BRDA:4,0,0,10
BRDA:4,0,1,10
BRDA:4,1,0,20
BRDA:4,1,1,20
BRF:4
BRH:4
end_of_record
TN:
SF:D:\reactjs-course-project\src\app\components\Header\FilmDescription\FilmData\index.css
FNF:0
FNH:0
LF:0
LH:0
BRF:0
BRH:0
end_of_record
TN:
SF:D:\reactjs-course-project\src\app\components\Header\FilmDescription\FilmData\index.js
FN:1,_interopRequireDefault
FNF:1
FNH:1
FNDA:4,_interopRequireDefault
DA:1,4
LF:1
LH:1
BRDA:1,0,0,4
BRDA:1,0,1,0
BRDA:1,1,0,4
BRDA:1,1,1,4
BRF:4
BRH:3
end_of_record
TN:
SF:D:\reactjs-course-project\src\app\components\Header\FilmDescription\FilmData\Brief\Brief.js
FN:2,_interopRequireDefault
FN:4,Brief
FNF:2
FNH:1
FNDA:10,_interopRequireDefault
FNDA:0,Brief
DA:1,5
DA:2,10
DA:4,5
LF:3
LH:3
BRDA:2,0,0,0
BRDA:2,0,1,10
BRDA:2,1,0,10
BRDA:2,1,1,10
BRF:4
BRH:3
end_of_record
TN:
SF:D:\reactjs-course-project\src\app\components\Header\FilmDescription\FilmData\Brief\index.css
FNF:0
FNH:0
LF:0
LH:0
BRF:0
BRH:0
end_of_record
TN:
SF:D:\reactjs-course-project\src\app\components\Header\FilmDescription\FilmData\Synopsis\Synopsis.js
FN:2,_interopRequireDefault
FN:4,Synopsis
FNF:2
FNH:1
FNDA:10,_interopRequireDefault
FNDA:0,Synopsis
DA:1,5
DA:2,10
DA:4,5
LF:3
LH:3
BRDA:2,0,0,0
BRDA:2,0,1,10
BRDA:2,1,0,10
BRDA:2,1,1,10
BRF:4
BRH:3
end_of_record
TN:
SF:D:\reactjs-course-project\src\app\components\Header\FilmDescription\FilmData\Synopsis\index.css
FNF:0
FNH:0
LF:0
LH:0
BRF:0
BRH:0
end_of_record
TN:
SF:D:\reactjs-course-project\src\app\components\Header\FilmDescription\FilmData\Synopsis\index.js
FN:1,_interopRequireDefault
FNF:1
FNH:1
FNDA:5,_interopRequireDefault
DA:1,5
LF:1
LH:1
BRDA:1,0,0,5
BRDA:1,0,1,0
BRDA:1,1,0,5
BRDA:1,1,1,5
BRF:4
BRH:3
end_of_record
TN:
SF:D:\reactjs-course-project\src\app\components\Header\FilmDescription\FilmPoster\FilmPoster.js
FN:2,_interopRequireDefault
FN:4,FilmPoster
FNF:2
FNH:1
FNDA:8,_interopRequireDefault
FNDA:0,FilmPoster
DA:1,4
DA:2,8
DA:4,4
LF:3
LH:3
BRDA:2,0,0,0
BRDA:2,0,1,8
BRDA:2,1,0,8
BRDA:2,1,1,8
BRF:4
BRH:3
end_of_record
TN:
SF:D:\reactjs-course-project\src\app\components\Header\FilmDescription\FilmPoster\index.css
FNF:0
FNH:0
LF:0
LH:0
BRF:0
BRH:0
end_of_record
TN:
SF:D:\reactjs-course-project\src\app\components\Header\FilmDescription\FilmPoster\index.js
FN:1,_interopRequireDefault
FNF:1
FNH:1
FNDA:4,_interopRequireDefault
DA:1,4
LF:1
LH:1
BRDA:1,0,0,4
BRDA:1,0,1,0
BRDA:1,1,0,4
BRDA:1,1,1,4
BRF:4
BRH:3
end_of_record
TN:
SF:D:\reactjs-course-project\src\app\components\Header\SearchResultsBar\SearchResultsBar.js
FN:4,_interopRequireWildcard
FN:4,_interopRequireDefault
FN:6,SearchResultsBar
FN:29,mapStateToProps
FN:35,mapDispatchToProps
FN:37,sortFilms
FNF:6
FNH:2
FNDA:2,_interopRequireWildcard
FNDA:4,_interopRequireDefault
FNDA:0,SearchResultsBar
FNDA:0,mapStateToProps
FNDA:0,mapDispatchToProps
FNDA:0,sortFilms
DA:1,2
DA:4,4
DA:6,2
DA:29,2
DA:30,0
DA:35,2
DA:36,0
LF:7
LH:5
BRDA:4,0,0,2
BRDA:4,0,1,0
BRDA:4,1,0,2
BRDA:4,1,1,2
BRDA:4,2,0,0
BRDA:4,2,1,0
BRDA:4,3,0,0
BRDA:4,3,1,0
BRDA:4,4,0,0
BRDA:4,4,1,4
BRDA:4,5,0,4
BRDA:4,5,1,4
BRF:12
BRH:6
end_of_record
TN:
SF:D:\reactjs-course-project\src\app\components\Header\SearchResultsBar\index.css
FNF:0
FNH:0
LF:0
LH:0
BRF:0
BRH:0
end_of_record
TN:
SF:D:\reactjs-course-project\src\app\components\Header\SearchResultsBar\index.js
FN:1,_interopRequireDefault
FNF:1
FNH:1
FNDA:2,_interopRequireDefault
DA:1,2
LF:1
LH:1
BRDA:1,0,0,2
BRDA:1,0,1,0
BRDA:1,1,0,2
BRDA:1,1,1,2
BRF:4
BRH:3
end_of_record
TN:
SF:D:\reactjs-course-project\src\app\components\Header\Searchbox\Searchbox.js
FN:1,(anonymous_0)
FN:1,defineProperties
FN:1,(anonymous_2)
FN:6,_interopRequireWildcard
FN:6,_interopRequireDefault
FN:6,_classCallCheck
FN:6,_possibleConstructorReturn
FN:6,_inherits
FN:8,(anonymous_8)
FN:9,Searchbox
FN:16,getInputValue
FN:22,searchFilms
FN:26,(anonymous_12)
FN:33,keyReleased
FN:39,render
FN:49,changed
FN:52,keyReleased
FN:61,clicked
FN:66,clicked
FN:72,clicked
FN:82,mapStateToProps
FN:89,mapDispatchToProps
FN:91,searchFilms
FNF:23
FNH:7
FNDA:2,(anonymous_0)
FNDA:2,defineProperties
FNDA:2,(anonymous_2)
FNDA:2,_interopRequireWildcard
FNDA:8,_interopRequireDefault
FNDA:0,_classCallCheck
FNDA:0,_possibleConstructorReturn
FNDA:2,_inherits
FNDA:2,(anonymous_8)
FNDA:0,Searchbox
FNDA:0,getInputValue
FNDA:0,searchFilms
FNDA:0,(anonymous_12)
FNDA:0,keyReleased
FNDA:0,render
FNDA:0,changed
FNDA:0,keyReleased
FNDA:0,clicked
FNDA:0,clicked
FNDA:0,clicked
FNDA:0,mapStateToProps
FNDA:0,mapDispatchToProps
FNDA:0,searchFilms
DA:1,8
DA:6,8
DA:8,2
DA:9,0
DA:16,2
DA:19,0
DA:25,0
DA:32,0
DA:36,0
DA:37,0
DA:42,0
DA:79,2
DA:82,2
DA:83,0
DA:89,2
DA:90,0
LF:16
LH:7
BRDA:1,0,0,8
BRDA:1,0,1,8
BRDA:1,1,0,8
BRDA:1,1,1,0
BRDA:1,2,0,2
BRDA:1,2,1,0
BRDA:1,3,0,0
BRDA:1,3,1,2
BRDA:6,4,0,2
BRDA:6,4,1,0
BRDA:6,5,0,2
BRDA:6,5,1,2
BRDA:6,6,0,0
BRDA:6,6,1,0
BRDA:6,7,0,0
BRDA:6,7,1,0
BRDA:6,8,0,4
BRDA:6,8,1,4
BRDA:6,9,0,8
BRDA:6,9,1,8
BRDA:6,10,0,0
BRDA:6,10,1,0
BRDA:6,11,0,0
BRDA:6,11,1,0
BRDA:6,12,0,0
BRDA:6,12,1,0
BRDA:6,13,0,0
BRDA:6,13,1,0
BRDA:6,13,2,0
BRDA:6,14,0,0
BRDA:6,14,1,2
BRDA:6,15,0,2
BRDA:6,15,1,0
BRDA:6,16,0,2
BRDA:6,16,1,2
BRDA:6,17,0,2
BRDA:6,17,1,0
BRDA:6,18,0,2
BRDA:6,18,1,0
BRDA:9,19,0,0
BRDA:9,19,1,0
BRDA:36,20,0,0
BRDA:36,20,1,0
BRDA:62,21,0,0
BRDA:67,22,0,0
BRF:45
BRH:18
end_of_record
TN:
SF:D:\reactjs-course-project\src\app\components\Header\Searchbox\index.css
FNF:0
FNH:0
LF:0
LH:0
BRF:0
BRH:0
end_of_record
TN:
SF:D:\reactjs-course-project\src\app\components\Header\Searchbox\index.js
FN:1,_interopRequireDefault
FNF:1
FNH:1
FNDA:2,_interopRequireDefault
DA:1,2
LF:1
LH:1
BRDA:1,0,0,2
BRDA:1,0,1,0
BRDA:1,1,0,2
BRDA:1,1,1,2
BRF:4
BRH:3
end_of_record
TN:
SF:D:\reactjs-course-project\src\app\components\Loader\Loader.js
FN:2,_interopRequireDefault
FN:4,Loader
FNF:2
FNH:1
FNDA:6,_interopRequireDefault
FNDA:0,Loader
DA:1,3
DA:2,6
DA:4,3
LF:3
LH:3
BRDA:2,0,0,3
BRDA:2,0,1,3
BRDA:2,1,0,6
BRDA:2,1,1,6
BRF:4
BRH:4
end_of_record
TN:
SF:D:\reactjs-course-project\src\app\components\Loader\index.js
FN:1,get
FNF:1
FNH:1
FNDA:7,get
DA:1,7
LF:1
LH:1
BRF:0
BRH:0
end_of_record
TN:
SF:D:\reactjs-course-project\src\app\components\Logo\Logo.js
FN:2,_interopRequireDefault
FN:4,Logo
FNF:2
FNH:1
FNDA:4,_interopRequireDefault
FNDA:0,Logo
DA:1,2
DA:2,4
DA:4,2
LF:3
LH:3
BRDA:2,0,0,0
BRDA:2,0,1,4
BRDA:2,1,0,4
BRDA:2,1,1,4
BRF:4
BRH:3
end_of_record
TN:
SF:D:\reactjs-course-project\src\app\components\Logo\index.css
FNF:0
FNH:0
LF:0
LH:0
BRF:0
BRH:0
end_of_record
TN:
SF:D:\reactjs-course-project\src\app\components\SearchResults\SearchResults.js
FN:1,(anonymous_0)
FN:1,defineProperties
FN:1,(anonymous_2)
FN:6,_interopRequireDefault
FN:6,_classCallCheck
FN:6,_possibleConstructorReturn
FN:6,_inherits
FN:8,(anonymous_7)
FN:9,SearchResults
FN:11,sortFilms
FN:14,(anonymous_10)
FN:21,render
FN:30,(anonymous_12)
FN:53,mapStateToProps
FN:60,mapDispatchToProps
FN:62,selectFilm
FNF:16
FNH:6
FNDA:1,(anonymous_0)
FNDA:1,defineProperties
FNDA:1,(anonymous_2)
FNDA:3,_interopRequireDefault
FNDA:0,_classCallCheck
FNDA:0,_possibleConstructorReturn
FNDA:1,_inherits
FNDA:1,(anonymous_7)
FNDA:0,SearchResults
FNDA:0,sortFilms
FNDA:0,(anonymous_10)
FNDA:0,render
FNDA:0,(anonymous_12)
FNDA:0,mapStateToProps
FNDA:0,mapDispatchToProps
FNDA:0,selectFilm
DA:1,2
DA:6,3
DA:8,1
DA:9,0
DA:11,1
DA:14,0
DA:15,0
DA:16,0
DA:19,0
DA:24,0
DA:25,0
DA:27,0
DA:44,0
DA:50,1
DA:53,1
DA:54,0
DA:60,1
DA:61,0
LF:18
LH:7
BRDA:1,0,0,2
BRDA:1,0,1,2
BRDA:1,1,0,2
BRDA:1,1,1,0
BRDA:1,2,0,1
BRDA:1,2,1,0
BRDA:1,3,0,0
BRDA:1,3,1,1
BRDA:6,4,0,1
BRDA:6,4,1,2
BRDA:6,5,0,3
BRDA:6,5,1,3
BRDA:6,6,0,0
BRDA:6,6,1,0
BRDA:6,7,0,0
BRDA:6,7,1,0
BRDA:6,8,0,0
BRDA:6,8,1,0
BRDA:6,9,0,0
BRDA:6,9,1,0
BRDA:6,9,2,0
BRDA:6,10,0,0
BRDA:6,10,1,1
BRDA:6,11,0,1
BRDA:6,11,1,0
BRDA:6,12,0,1
BRDA:6,12,1,1
BRDA:6,13,0,1
BRDA:6,13,1,0
BRDA:6,14,0,1
BRDA:6,14,1,0
BRDA:9,15,0,0
BRDA:9,15,1,0
BRDA:15,16,0,0
BRDA:15,16,1,0
BRDA:24,17,0,0
BRDA:24,17,1,0
BRF:37
BRH:15
end_of_record
TN:
SF:D:\reactjs-course-project\src\app\components\SearchResults\index.css
FNF:0
FNH:0
LF:0
LH:0
BRF:0
BRH:0
end_of_record
TN:
SF:D:\reactjs-course-project\src\app\components\SearchResults\index.js
FN:1,_interopRequireDefault
FNF:1
FNH:1
FNDA:1,_interopRequireDefault
DA:1,1
LF:1
LH:1
BRDA:1,0,0,1
BRDA:1,0,1,0
BRDA:1,1,0,1
BRDA:1,1,1,1
BRF:4
BRH:3
end_of_record
TN:
SF:D:\reactjs-course-project\src\app\components\SearchResults\SearchResult\SearchResult.js
FN:4,_interopRequireDefault
FN:6,SearchResult
FN:10,onClick
FNF:3
FNH:1
FNDA:4,_interopRequireDefault
FNDA:0,SearchResult
FNDA:0,onClick
DA:1,1
DA:4,4
DA:6,1
DA:7,0
LF:4
LH:3
BRDA:4,0,0,2
BRDA:4,0,1,2
BRDA:4,1,0,4
BRDA:4,1,1,4
BRDA:18,2,0,0
BRF:5
BRH:4
end_of_record
TN:
SF:D:\reactjs-course-project\src\app\components\SearchResults\SearchResult\index.css
FNF:0
FNH:0
LF:0
LH:0
BRF:0
BRH:0
end_of_record
TN:
SF:D:\reactjs-course-project\src\app\components\SearchResults\SearchResult\index.js
FN:1,_interopRequireDefault
FNF:1
FNH:1
FNDA:1,_interopRequireDefault
DA:1,1
LF:1
LH:1
BRDA:1,0,0,1
BRDA:1,0,1,0
BRDA:1,1,0,1
BRDA:1,1,1,1
BRF:4
BRH:3
end_of_record
TN:
SF:D:\reactjs-course-project\src\app\components\SearchResults\SearchResult\Brief\Brief.js
FN:2,_interopRequireDefault
FN:4,Brief
FNF:2
FNH:1
FNDA:2,_interopRequireDefault
FNDA:0,Brief
DA:1,1
DA:2,2
DA:4,1
LF:3
LH:3
BRDA:2,0,0,0
BRDA:2,0,1,2
BRDA:2,1,0,2
BRDA:2,1,1,2
BRF:4
BRH:3
end_of_record
TN:
SF:D:\reactjs-course-project\src\app\components\SearchResults\SearchResult\Brief\index.css
FNF:0
FNH:0
LF:0
LH:0
BRF:0
BRH:0
end_of_record
TN:
SF:D:\reactjs-course-project\src\app\components\SearchResults\SearchResult\Brief\index.js
FN:1,_interopRequireDefault
FNF:1
FNH:1
FNDA:6,_interopRequireDefault
DA:1,6
LF:1
LH:1
BRDA:1,0,0,6
BRDA:1,0,1,0
BRDA:1,1,0,6
BRDA:1,1,1,6
BRF:4
BRH:3
end_of_record
TN:
SF:D:\reactjs-course-project\src\app\components\SearchResults\SearchResult\Poster\Poster.js
FN:2,_interopRequireDefault
FN:4,Poster
FNF:2
FNH:1
FNDA:2,_interopRequireDefault
FNDA:0,Poster
DA:1,1
DA:2,2
DA:4,1
LF:3
LH:3
BRDA:2,0,0,0
BRDA:2,0,1,2
BRDA:2,1,0,2
BRDA:2,1,1,2
BRF:4
BRH:3
end_of_record
TN:
SF:D:\reactjs-course-project\src\app\components\SearchResults\SearchResult\Poster\index.css
FNF:0
FNH:0
LF:0
LH:0
BRF:0
BRH:0
end_of_record
TN:
SF:D:\reactjs-course-project\src\app\components\SearchResults\SearchResult\Poster\index.js
FN:1,_interopRequireDefault
FNF:1
FNH:1
FNDA:1,_interopRequireDefault
DA:1,1
LF:1
LH:1
BRDA:1,0,0,1
BRDA:1,0,1,0
BRDA:1,1,0,1
BRDA:1,1,1,1
BRF:4
BRH:3
end_of_record
TN:
SF:D:\reactjs-course-project\src\app\components\UI\Button\Button.js
FN:2,_interopRequireDefault
FN:4,Button
FNF:2
FNH:1
FNDA:4,_interopRequireDefault
FNDA:0,Button
DA:1,2
DA:2,4
DA:4,2
LF:3
LH:3
BRDA:2,0,0,0
BRDA:2,0,1,4
BRDA:2,1,0,4
BRDA:2,1,1,4
BRF:4
BRH:3
end_of_record
TN:
SF:D:\reactjs-course-project\src\app\components\UI\Button\index.css
FNF:0
FNH:0
LF:0
LH:0
BRF:0
BRH:0
end_of_record
TN:
SF:D:\reactjs-course-project\src\app\components\UI\Input\Input.js
FN:2,_interopRequireDefault
FN:4,Input
FN:8,onChange
FN:9,onKeyUp
FNF:4
FNH:4
FNDA:6,_interopRequireDefault
FNDA:3,Input
FNDA:1,onChange
FNDA:1,onKeyUp
DA:1,3
DA:2,6
DA:4,3
DA:5,3
LF:4
LH:4
BRDA:2,0,0,0
BRDA:2,0,1,6
BRDA:2,1,0,6
BRDA:2,1,1,6
BRF:4
BRH:3
end_of_record
TN:
SF:D:\reactjs-course-project\src\app\components\UI\Input\index.css
FNF:0
FNH:0
LF:0
LH:0
BRF:0
BRH:0
end_of_record
TN:
SF:D:\reactjs-course-project\src\app\containers\Main\Main.js
FN:4,_interopRequireDefault
FN:6,Main
FN:22,mapStateToProps
FNF:3
FNH:1
FNDA:3,_interopRequireDefault
FNDA:0,Main
FNDA:0,mapStateToProps
DA:1,1
DA:4,3
DA:6,1
DA:7,0
DA:9,0
DA:10,0
DA:12,0
DA:15,0
DA:22,1
DA:23,0
LF:10
LH:4
BRDA:4,0,0,1
BRDA:4,0,1,2
BRDA:4,1,0,3
BRDA:4,1,1,3
BRDA:9,2,0,0
BRDA:9,2,1,0
BRF:6
BRH:4
end_of_record
TN:
SF:D:\reactjs-course-project\src\app\containers\Main\index.css
FNF:0
FNH:0
LF:0
LH:0
BRF:0
BRH:0
end_of_record
TN:
SF:D:\reactjs-course-project\src\app\containers\Main\index.js
FN:1,_interopRequireDefault
FNF:1
FNH:1
FNDA:1,_interopRequireDefault
DA:1,1
LF:1
LH:1
BRDA:1,0,0,1
BRDA:1,0,1,0
BRDA:1,1,0,1
BRDA:1,1,1,1
BRF:4
BRH:3
end_of_record
TN:
SF:D:\reactjs-course-project\src\app\store\actions\actionCreators.js
FN:3,execSearch
FN:10,changeFilter
FN:18,storeFetchedFilms
FN:25,selectFilm
FN:32,searchFilms
FN:39,returnToSearchbox
FN:45,sortFilms
FNF:7
FNH:2
FNDA:0,execSearch
FNDA:0,changeFilter
FNDA:1,storeFetchedFilms
FNDA:0,selectFilm
FNDA:0,searchFilms
FNDA:1,returnToSearchbox
FNDA:0,sortFilms
DA:1,4
DA:3,4
DA:4,0
DA:10,4
DA:11,0
DA:18,4
DA:19,1
DA:25,4
DA:26,0
DA:32,4
DA:33,0
DA:39,4
DA:40,1
DA:45,4
DA:46,0
LF:15
LH:10
BRF:0
BRH:0
end_of_record
TN:
SF:D:\reactjs-course-project\src\app\store\actions\actionTypes.js
FNF:0
FNH:0
DA:1,4
DA:2,4
DA:3,4
DA:4,4
DA:5,4
DA:6,4
DA:7,4
LF:7
LH:7
BRF:0
BRH:0
end_of_record
TN:
SF:D:\reactjs-course-project\src\app\store\actions\index.js
FNF:0
FNH:0
DA:1,4
LF:1
LH:1
BRF:0
BRH:0
end_of_record
